{"/home/travis/build/npmtest/node-npmtest-axios-es6/test.js":{"path":"/home/travis/build/npmtest/node-npmtest-axios-es6/test.js","s":{"1":2,"2":2,"3":2,"4":2,"5":2,"6":2,"7":2,"8":1,"9":2,"10":2,"11":1,"12":1,"13":1,"14":1,"15":2,"16":2,"17":2,"18":2,"19":1,"20":1,"21":2,"22":2,"23":2,"24":1,"25":1,"26":1,"27":1,"28":1,"29":1,"30":1,"31":1,"32":1,"33":1,"34":1,"35":1,"36":1,"37":1,"38":1,"39":2,"40":2,"41":1,"42":2,"43":2,"44":1,"45":2,"46":2,"47":1,"48":2,"49":2,"50":1,"51":1,"52":1,"53":1,"54":1},"b":{"1":[2,1,1,1],"2":[1,1,1,1],"3":[1,1],"4":[1,1],"5":[1,1],"6":[1,1],"7":[1,1],"8":[1,1],"9":[1,1],"10":[1,1,1],"11":[1,1],"12":[1,1],"13":[1,1],"14":[1,1],"15":[1,1],"16":[1,1],"17":[1,1]},"f":{"1":2,"2":2,"3":2,"4":2,"5":2,"6":1,"7":1,"8":1,"9":2,"10":2,"11":2,"12":2,"13":1},"fnMap":{"1":{"name":"(anonymous_1)","line":12,"loc":{"start":{"line":12,"column":1},"end":{"line":12,"column":13}}},"2":{"name":"(anonymous_2)","line":19,"loc":{"start":{"line":19,"column":5},"end":{"line":19,"column":17}}},"3":{"name":"(anonymous_3)","line":23,"loc":{"start":{"line":23,"column":24},"end":{"line":23,"column":36}}},"4":{"name":"(anonymous_4)","line":61,"loc":{"start":{"line":61,"column":5},"end":{"line":61,"column":17}}},"5":{"name":"(anonymous_5)","line":82,"loc":{"start":{"line":82,"column":5},"end":{"line":82,"column":17}}},"6":{"name":"(anonymous_6)","line":91,"loc":{"start":{"line":91,"column":77},"end":{"line":94,"column":10}}},"7":{"name":"(anonymous_7)","line":112,"loc":{"start":{"line":112,"column":83},"end":{"line":115,"column":10}},"skip":true},"8":{"name":"(anonymous_8)","line":123,"loc":{"start":{"line":123,"column":77},"end":{"line":126,"column":10}},"skip":true},"9":{"name":"(anonymous_9)","line":139,"loc":{"start":{"line":139,"column":12},"end":{"line":139,"column":40}},"skip":true},"10":{"name":"(anonymous_10)","line":147,"loc":{"start":{"line":147,"column":77},"end":{"line":150,"column":10}},"skip":true},"11":{"name":"(anonymous_11)","line":158,"loc":{"start":{"line":158,"column":83},"end":{"line":161,"column":10}},"skip":true},"12":{"name":"(anonymous_12)","line":169,"loc":{"start":{"line":169,"column":79},"end":{"line":172,"column":10}},"skip":true},"13":{"name":"(anonymous_13)","line":180,"loc":{"start":{"line":180,"column":75},"end":{"line":183,"column":10}},"skip":true}},"statementMap":{"1":{"start":{"line":12,"column":0},"end":{"line":195,"column":5}},"2":{"start":{"line":14,"column":4},"end":{"line":14,"column":14}},"3":{"start":{"line":19,"column":4},"end":{"line":56,"column":9}},"4":{"start":{"line":21,"column":8},"end":{"line":21,"column":19}},"5":{"start":{"line":23,"column":8},"end":{"line":35,"column":13}},"6":{"start":{"line":24,"column":12},"end":{"line":34,"column":13}},"7":{"start":{"line":25,"column":16},"end":{"line":28,"column":30}},"8":{"start":{"line":30,"column":16},"end":{"line":33,"column":27}},"9":{"start":{"line":37,"column":8},"end":{"line":39,"column":21}},"10":{"start":{"line":40,"column":8},"end":{"line":53,"column":9}},"11":{"start":{"line":43,"column":12},"end":{"line":46,"column":14}},"12":{"start":{"line":47,"column":12},"end":{"line":47,"column":18}},"13":{"start":{"line":50,"column":12},"end":{"line":51,"column":46}},"14":{"start":{"line":52,"column":12},"end":{"line":52,"column":18}},"15":{"start":{"line":55,"column":8},"end":{"line":55,"column":35}},"16":{"start":{"line":61,"column":4},"end":{"line":63,"column":9}},"17":{"start":{"line":62,"column":8},"end":{"line":62,"column":15}},"18":{"start":{"line":64,"column":4},"end":{"line":77,"column":5}},"19":{"start":{"line":70,"column":8},"end":{"line":70,"column":14}},"20":{"start":{"line":76,"column":8},"end":{"line":76,"column":14}},"21":{"start":{"line":82,"column":4},"end":{"line":84,"column":9}},"22":{"start":{"line":83,"column":8},"end":{"line":83,"column":15}},"23":{"start":{"line":85,"column":4},"end":{"line":194,"column":5}},"24":{"start":{"line":91,"column":8},"end":{"line":99,"column":10}},"25":{"start":{"line":98,"column":12},"end":{"line":98,"column":35}},"26":{"start":{"line":102,"column":8},"end":{"line":104,"column":63}},"27":{"start":{"line":105,"column":8},"end":{"line":105,"column":14}},"28":{"start":{"line":112,"column":8},"end":{"line":121,"column":10},"skip":true},"29":{"start":{"line":119,"column":12},"end":{"line":119,"column":55},"skip":true},"30":{"start":{"line":120,"column":12},"end":{"line":120,"column":48},"skip":true},"31":{"start":{"line":123,"column":8},"end":{"line":136,"column":10},"skip":true},"32":{"start":{"line":130,"column":12},"end":{"line":130,"column":76},"skip":true},"33":{"start":{"line":131,"column":12},"end":{"line":131,"column":73},"skip":true},"34":{"start":{"line":132,"column":12},"end":{"line":132,"column":74},"skip":true},"35":{"start":{"line":133,"column":12},"end":{"line":133,"column":79},"skip":true},"36":{"start":{"line":134,"column":12},"end":{"line":134,"column":25},"skip":true},"37":{"start":{"line":135,"column":12},"end":{"line":135,"column":45},"skip":true},"38":{"start":{"line":138,"column":8},"end":{"line":145,"column":14},"skip":true},"39":{"start":{"line":143,"column":16},"end":{"line":143,"column":29},"skip":true},"40":{"start":{"line":144,"column":16},"end":{"line":144,"column":55},"skip":true},"41":{"start":{"line":147,"column":8},"end":{"line":156,"column":10},"skip":true},"42":{"start":{"line":154,"column":12},"end":{"line":154,"column":25},"skip":true},"43":{"start":{"line":155,"column":12},"end":{"line":155,"column":45},"skip":true},"44":{"start":{"line":158,"column":8},"end":{"line":167,"column":10},"skip":true},"45":{"start":{"line":165,"column":12},"end":{"line":165,"column":25},"skip":true},"46":{"start":{"line":166,"column":12},"end":{"line":166,"column":48},"skip":true},"47":{"start":{"line":169,"column":8},"end":{"line":178,"column":10},"skip":true},"48":{"start":{"line":176,"column":12},"end":{"line":176,"column":25},"skip":true},"49":{"start":{"line":177,"column":12},"end":{"line":177,"column":46},"skip":true},"50":{"start":{"line":180,"column":8},"end":{"line":189,"column":10},"skip":true},"51":{"start":{"line":187,"column":12},"end":{"line":187,"column":94},"skip":true},"52":{"start":{"line":188,"column":12},"end":{"line":188,"column":48},"skip":true},"53":{"start":{"line":192,"column":8},"end":{"line":192,"column":35},"skip":true},"54":{"start":{"line":193,"column":8},"end":{"line":193,"column":14},"skip":true}},"branchMap":{"1":{"line":25,"type":"binary-expr","locations":[{"start":{"line":25,"column":23},"end":{"line":25,"column":62}},{"start":{"line":26,"column":20},"end":{"line":26,"column":70}},{"start":{"line":27,"column":20},"end":{"line":27,"column":71}},{"start":{"line":28,"column":20},"end":{"line":28,"column":29}}]},"2":{"line":30,"type":"binary-expr","locations":[{"start":{"line":30,"column":23},"end":{"line":30,"column":37}},{"start":{"line":31,"column":20},"end":{"line":31,"column":61}},{"start":{"line":32,"column":20},"end":{"line":32,"column":70}},{"start":{"line":33,"column":20},"end":{"line":33,"column":26}}]},"3":{"line":37,"type":"cond-expr","locations":[{"start":{"line":38,"column":14},"end":{"line":38,"column":20}},{"start":{"line":39,"column":14},"end":{"line":39,"column":20}}]},"4":{"line":40,"type":"switch","locations":[{"start":{"line":42,"column":8},"end":{"line":47,"column":18}},{"start":{"line":49,"column":8},"end":{"line":52,"column":18}}]},"5":{"line":44,"type":"binary-expr","locations":[{"start":{"line":44,"column":16},"end":{"line":44,"column":44}},{"start":{"line":44,"column":48},"end":{"line":44,"column":66}}]},"6":{"line":50,"type":"binary-expr","locations":[{"start":{"line":50,"column":21},"end":{"line":50,"column":49}},{"start":{"line":50,"column":53},"end":{"line":50,"column":72}}]},"7":{"line":64,"type":"switch","locations":[{"start":{"line":69,"column":4},"end":{"line":70,"column":14}},{"start":{"line":75,"column":4},"end":{"line":76,"column":14}}]},"8":{"line":85,"type":"switch","locations":[{"start":{"line":90,"column":4},"end":{"line":105,"column":14}},{"start":{"line":111,"column":4},"end":{"line":193,"column":14},"skip":true}]},"9":{"line":91,"type":"binary-expr","locations":[{"start":{"line":91,"column":42},"end":{"line":91,"column":73}},{"start":{"line":91,"column":77},"end":{"line":99,"column":9}}]},"10":{"line":102,"type":"binary-expr","locations":[{"start":{"line":102,"column":18},"end":{"line":102,"column":32}},{"start":{"line":103,"column":12},"end":{"line":103,"column":53}},{"start":{"line":104,"column":12},"end":{"line":104,"column":61}}]},"11":{"line":112,"type":"binary-expr","locations":[{"start":{"line":112,"column":45},"end":{"line":112,"column":79},"skip":true},{"start":{"line":112,"column":83},"end":{"line":121,"column":9},"skip":true}]},"12":{"line":123,"type":"binary-expr","locations":[{"start":{"line":123,"column":42},"end":{"line":123,"column":73},"skip":true},{"start":{"line":123,"column":77},"end":{"line":136,"column":9},"skip":true}]},"13":{"line":138,"type":"binary-expr","locations":[{"start":{"line":138,"column":48},"end":{"line":138,"column":85},"skip":true},{"start":{"line":139,"column":12},"end":{"line":145,"column":13},"skip":true}]},"14":{"line":147,"type":"binary-expr","locations":[{"start":{"line":147,"column":42},"end":{"line":147,"column":73},"skip":true},{"start":{"line":147,"column":77},"end":{"line":156,"column":9},"skip":true}]},"15":{"line":158,"type":"binary-expr","locations":[{"start":{"line":158,"column":45},"end":{"line":158,"column":79},"skip":true},{"start":{"line":158,"column":83},"end":{"line":167,"column":9},"skip":true}]},"16":{"line":169,"type":"binary-expr","locations":[{"start":{"line":169,"column":43},"end":{"line":169,"column":75},"skip":true},{"start":{"line":169,"column":79},"end":{"line":178,"column":9},"skip":true}]},"17":{"line":180,"type":"binary-expr","locations":[{"start":{"line":180,"column":41},"end":{"line":180,"column":71},"skip":true},{"start":{"line":180,"column":75},"end":{"line":189,"column":9},"skip":true}]}},"code":["/* istanbul instrument in package npmtest_axios_es6 */","/*jslint","    bitwise: true,","    browser: true,","    maxerr: 8,","    maxlen: 96,","    node: true,","    nomen: true,","    regexp: true,","    stupid: true","*/","(function () {","    'use strict';","    var local;","","","","    // run shared js-env code - pre-init","    (function () {","        // init local","        local = {};","        // init modeJs","        local.modeJs = (function () {","            try {","                return typeof navigator.userAgent === 'string' &&","                    typeof document.querySelector('body') === 'object' &&","                    typeof XMLHttpRequest.prototype.open === 'function' &&","                    'browser';","            } catch (errorCaughtBrowser) {","                return module.exports &&","                    typeof process.versions.node === 'string' &&","                    typeof require('http').createServer === 'function' &&","                    'node';","            }","        }());","        // init global","        local.global = local.modeJs === 'browser'","            ? window","            : global;","        switch (local.modeJs) {","        // re-init local from window.local","        case 'browser':","            local = local.global.utility2.objectSetDefault(","                local.global.utility2_rollup || local.global.local,","                local.global.utility2","            );","            break;","        // re-init local from example.js","        case 'node':","            local = (local.global.utility2_rollup || require('utility2'))","                .requireExampleJsFromReadme();","            break;","        }","        // export local","        local.global.local = local;","    }());","","","","    // run shared js-env code - function","    (function () {","        return;","    }());","    switch (local.modeJs) {","","","","    // run browser js-env code - function","    case 'browser':","        break;","","","","    // run node js-env code - function","    case 'node':","        break;","    }","","","","    // run shared js-env code - post-init","    (function () {","        return;","    }());","    switch (local.modeJs) {","","","","    // run browser js-env code - post-init","    case 'browser':","        local.testCase_browser_nullCase = local.testCase_browser_nullCase || function (","            options,","            onError","        ) {","        /*","         * this function will test browsers's null-case handling-behavior-behavior","         */","            onError(null, options);","        };","","        // run tests","        local.nop(local.modeTest &&","            document.querySelector('#testRunButton1') &&","            document.querySelector('#testRunButton1').click());","        break;","","","","    // run node js-env code - post-init","    /* istanbul ignore next */","    case 'node':","        local.testCase_buildApidoc_default = local.testCase_buildApidoc_default || function (","            options,","            onError","        ) {","        /*","         * this function will test buildApidoc's default handling-behavior-behavior","         */","            options = { modulePathList: module.paths };","            local.buildApidoc(options, onError);","        };","","        local.testCase_buildApp_default = local.testCase_buildApp_default || function (","            options,","            onError","        ) {","        /*","         * this function will test buildApp's default handling-behavior-behavior","         */","            local.testCase_buildReadme_default(options, local.onErrorThrow);","            local.testCase_buildLib_default(options, local.onErrorThrow);","            local.testCase_buildTest_default(options, local.onErrorThrow);","            local.testCase_buildCustomOrg_default(options, local.onErrorThrow);","            options = [];","            local.buildApp(options, onError);","        };","","        local.testCase_buildCustomOrg_default = local.testCase_buildCustomOrg_default ||","            function (options, onError) {","            /*","             * this function will test buildCustomOrg's default handling-behavior","             */","                options = {};","                local.buildCustomOrg(options, onError);","            };","","        local.testCase_buildLib_default = local.testCase_buildLib_default || function (","            options,","            onError","        ) {","        /*","         * this function will test buildLib's default handling-behavior","         */","            options = {};","            local.buildLib(options, onError);","        };","","        local.testCase_buildReadme_default = local.testCase_buildReadme_default || function (","            options,","            onError","        ) {","        /*","         * this function will test buildReadme's default handling-behavior-behavior","         */","            options = {};","            local.buildReadme(options, onError);","        };","","        local.testCase_buildTest_default = local.testCase_buildTest_default || function (","            options,","            onError","        ) {","        /*","         * this function will test buildTest's default handling-behavior","         */","            options = {};","            local.buildTest(options, onError);","        };","","        local.testCase_webpage_default = local.testCase_webpage_default || function (","            options,","            onError","        ) {","        /*","         * this function will test webpage's default handling-behavior","         */","            options = { modeCoverageMerge: true, url: local.serverLocalHost + '?modeTest=1' };","            local.browserTest(options, onError);","        };","","        // run test-server","        local.testRunServer(local);","        break;","    }","}());",""],"l":{"12":2,"14":2,"19":2,"21":2,"23":2,"24":2,"25":2,"30":1,"37":2,"40":2,"43":1,"47":1,"50":1,"52":1,"55":2,"61":2,"62":2,"64":2,"70":1,"76":1,"82":2,"83":2,"85":2,"91":1,"98":1,"102":1,"105":1,"112":1,"119":1,"120":1,"123":1,"130":1,"131":1,"132":1,"133":1,"134":1,"135":1,"138":1,"143":2,"144":2,"147":1,"154":2,"155":2,"158":1,"165":2,"166":2,"169":1,"176":2,"177":2,"180":1,"187":1,"188":1,"192":1,"193":1}},"/home/travis/build/npmtest/node-npmtest-axios-es6/lib.npmtest_axios_es6.js":{"path":"/home/travis/build/npmtest/node-npmtest-axios-es6/lib.npmtest_axios_es6.js","s":{"1":2,"2":2,"3":2,"4":2,"5":2,"6":2,"7":2,"8":1,"9":2,"10":2,"11":2,"12":2,"13":1,"14":1,"15":1,"16":1},"b":{"1":[2,1,1,1],"2":[1,1,1,1],"3":[1,1],"4":[2,2],"5":[1,1]},"f":{"1":2,"2":2,"3":2},"fnMap":{"1":{"name":"(anonymous_1)","line":12,"loc":{"start":{"line":12,"column":1},"end":{"line":12,"column":13}}},"2":{"name":"(anonymous_2)","line":19,"loc":{"start":{"line":19,"column":5},"end":{"line":19,"column":17}}},"3":{"name":"(anonymous_3)","line":23,"loc":{"start":{"line":23,"column":24},"end":{"line":23,"column":36}}}},"statementMap":{"1":{"start":{"line":12,"column":0},"end":{"line":53,"column":5}},"2":{"start":{"line":14,"column":4},"end":{"line":14,"column":14}},"3":{"start":{"line":19,"column":4},"end":{"line":52,"column":9}},"4":{"start":{"line":21,"column":8},"end":{"line":21,"column":19}},"5":{"start":{"line":23,"column":8},"end":{"line":35,"column":13}},"6":{"start":{"line":24,"column":12},"end":{"line":34,"column":13}},"7":{"start":{"line":25,"column":16},"end":{"line":28,"column":30}},"8":{"start":{"line":30,"column":16},"end":{"line":33,"column":27}},"9":{"start":{"line":37,"column":8},"end":{"line":39,"column":21}},"10":{"start":{"line":41,"column":8},"end":{"line":41,"column":54}},"11":{"start":{"line":43,"column":8},"end":{"line":43,"column":54}},"12":{"start":{"line":45,"column":8},"end":{"line":51,"column":9}},"13":{"start":{"line":46,"column":12},"end":{"line":46,"column":60}},"14":{"start":{"line":48,"column":12},"end":{"line":48,"column":35}},"15":{"start":{"line":49,"column":12},"end":{"line":49,"column":49}},"16":{"start":{"line":50,"column":12},"end":{"line":50,"column":43}}},"branchMap":{"1":{"line":25,"type":"binary-expr","locations":[{"start":{"line":25,"column":23},"end":{"line":25,"column":62}},{"start":{"line":26,"column":20},"end":{"line":26,"column":70}},{"start":{"line":27,"column":20},"end":{"line":27,"column":71}},{"start":{"line":28,"column":20},"end":{"line":28,"column":29}}]},"2":{"line":30,"type":"binary-expr","locations":[{"start":{"line":30,"column":23},"end":{"line":30,"column":37}},{"start":{"line":31,"column":20},"end":{"line":31,"column":61}},{"start":{"line":32,"column":20},"end":{"line":32,"column":70}},{"start":{"line":33,"column":20},"end":{"line":33,"column":26}}]},"3":{"line":37,"type":"cond-expr","locations":[{"start":{"line":38,"column":14},"end":{"line":38,"column":20}},{"start":{"line":39,"column":14},"end":{"line":39,"column":20}}]},"4":{"line":41,"type":"binary-expr","locations":[{"start":{"line":41,"column":16},"end":{"line":41,"column":44}},{"start":{"line":41,"column":48},"end":{"line":41,"column":53}}]},"5":{"line":45,"type":"if","locations":[{"start":{"line":45,"column":8},"end":{"line":45,"column":8}},{"start":{"line":45,"column":8},"end":{"line":45,"column":8}}]}},"code":["/* istanbul instrument in package npmtest_axios_es6 */","/*jslint","    bitwise: true,","    browser: true,","    maxerr: 8,","    maxlen: 96,","    node: true,","    nomen: true,","    regexp: true,","    stupid: true","*/","(function () {","    'use strict';","    var local;","","","","    // run shared js-env code - pre-init","    (function () {","        // init local","        local = {};","        // init modeJs","        local.modeJs = (function () {","            try {","                return typeof navigator.userAgent === 'string' &&","                    typeof document.querySelector('body') === 'object' &&","                    typeof XMLHttpRequest.prototype.open === 'function' &&","                    'browser';","            } catch (errorCaughtBrowser) {","                return module.exports &&","                    typeof process.versions.node === 'string' &&","                    typeof require('http').createServer === 'function' &&","                    'node';","            }","        }());","        // init global","        local.global = local.modeJs === 'browser'","            ? window","            : global;","        // init utility2_rollup","        local = local.global.utility2_rollup || local;","        // init lib","        local.local = local.npmtest_axios_es6 = local;","        // init exports","        if (local.modeJs === 'browser') {","            local.global.utility2_npmtest_axios_es6 = local;","        } else {","            module.exports = local;","            module.exports.__dirname = __dirname;","            module.exports.module = module;","        }","    }());","}());",""],"l":{"12":2,"14":2,"19":2,"21":2,"23":2,"24":2,"25":2,"30":1,"37":2,"41":2,"43":2,"45":2,"46":1,"48":1,"49":1,"50":1}},"/home/travis/build/npmtest/node-npmtest-axios-es6/example.js":{"path":"/home/travis/build/npmtest/node-npmtest-axios-es6/example.js","s":{"1":2,"2":2,"3":2,"4":2,"5":2,"6":2,"7":2,"8":1,"9":2,"10":2,"11":2,"12":2,"13":1,"14":2,"15":2,"16":2,"17":2,"18":2,"19":0,"20":2,"21":1,"22":1,"23":1,"24":1,"25":1,"26":0,"27":0,"28":1,"29":1,"30":2,"31":0,"32":0,"33":0,"34":1,"35":2,"36":2,"37":3,"38":3,"39":3,"40":3,"41":0,"42":3,"43":3,"44":3,"45":1,"46":3,"47":1,"48":1,"49":1,"50":1,"51":1,"52":1,"53":1,"54":1,"55":1,"56":1,"57":0,"58":1,"59":6,"60":6,"61":1,"62":2,"63":0,"64":2,"65":1,"66":1,"67":0,"68":0,"69":0,"70":0,"71":0,"72":0,"73":0,"74":0,"75":0,"76":0,"77":0,"78":0,"79":0,"80":0,"81":0,"82":0,"83":0},"b":{"1":[2,1,1,1],"2":[1,1,1,1],"3":[1,1],"4":[2,2],"5":[1,1],"6":[1,1],"7":[2,0],"8":[2,1,1,1,1,1],"9":[0,2,0],"10":[1,1],"11":[2,1,1],"12":[1,0],"13":[0,2],"14":[2,0,0,0,0,0,0],"15":[0,3],"16":[3,0],"17":[1,1],"18":[0,1],"19":[1,2,0,2],"20":[1,0],"21":[1,1],"22":[0,0],"23":[0,0],"24":[0,0],"25":[0,0],"26":[0,0],"27":[0,0],"28":[0,0]},"f":{"1":2,"2":2,"3":2,"4":2,"5":2,"6":2,"7":3,"8":3,"9":3,"10":1,"11":6,"12":0},"fnMap":{"1":{"name":"(anonymous_1)","line":26,"loc":{"start":{"line":26,"column":1},"end":{"line":26,"column":13}}},"2":{"name":"(anonymous_2)","line":33,"loc":{"start":{"line":33,"column":5},"end":{"line":33,"column":17}}},"3":{"name":"(anonymous_3)","line":37,"loc":{"start":{"line":37,"column":24},"end":{"line":37,"column":36}}},"4":{"name":"(anonymous_4)","line":69,"loc":{"start":{"line":69,"column":31},"end":{"line":69,"column":48}},"skip":true},"5":{"name":"(anonymous_5)","line":78,"loc":{"start":{"line":78,"column":26},"end":{"line":78,"column":45}},"skip":true},"6":{"name":"(anonymous_6)","line":123,"loc":{"start":{"line":123,"column":33},"end":{"line":123,"column":48}},"skip":true},"7":{"name":"(anonymous_7)","line":125,"loc":{"start":{"line":125,"column":27},"end":{"line":125,"column":39}},"skip":true},"8":{"name":"(anonymous_8)","line":133,"loc":{"start":{"line":133,"column":59},"end":{"line":133,"column":74}},"skip":true},"9":{"name":"(anonymous_9)","line":143,"loc":{"start":{"line":143,"column":45},"end":{"line":143,"column":62}},"skip":true},"10":{"name":"(anonymous_10)","line":144,"loc":{"start":{"line":144,"column":73},"end":{"line":144,"column":92}},"skip":true},"11":{"name":"(anonymous_11)","line":272,"loc":{"start":{"line":272,"column":51},"end":{"line":272,"column":77}},"skip":true},"12":{"name":"(anonymous_12)","line":315,"loc":{"start":{"line":315,"column":32},"end":{"line":315,"column":61}},"skip":true}},"statementMap":{"1":{"start":{"line":26,"column":0},"end":{"line":326,"column":5}},"2":{"start":{"line":28,"column":4},"end":{"line":28,"column":14}},"3":{"start":{"line":33,"column":4},"end":{"line":60,"column":9}},"4":{"start":{"line":35,"column":8},"end":{"line":35,"column":19}},"5":{"start":{"line":37,"column":8},"end":{"line":49,"column":13}},"6":{"start":{"line":38,"column":12},"end":{"line":48,"column":13}},"7":{"start":{"line":39,"column":16},"end":{"line":42,"column":30}},"8":{"start":{"line":44,"column":16},"end":{"line":47,"column":27}},"9":{"start":{"line":51,"column":8},"end":{"line":53,"column":21}},"10":{"start":{"line":55,"column":8},"end":{"line":57,"column":45}},"11":{"start":{"line":59,"column":8},"end":{"line":59,"column":35}},"12":{"start":{"line":61,"column":4},"end":{"line":325,"column":5}},"13":{"start":{"line":69,"column":8},"end":{"line":121,"column":10},"skip":true},"14":{"start":{"line":70,"column":12},"end":{"line":88,"column":13},"skip":true},"15":{"start":{"line":76,"column":16},"end":{"line":87,"column":19},"skip":true},"16":{"start":{"line":79,"column":20},"end":{"line":86,"column":21},"skip":true},"17":{"start":{"line":82,"column":24},"end":{"line":82,"column":43},"skip":true},"18":{"start":{"line":83,"column":24},"end":{"line":83,"column":30},"skip":true},"19":{"start":{"line":85,"column":24},"end":{"line":85,"column":49},"skip":true},"20":{"start":{"line":89,"column":12},"end":{"line":107,"column":13},"skip":true},"21":{"start":{"line":92,"column":16},"end":{"line":102,"column":17},"skip":true},"22":{"start":{"line":93,"column":20},"end":{"line":93,"column":86},"skip":true},"23":{"start":{"line":94,"column":20},"end":{"line":95,"column":45},"skip":true},"24":{"start":{"line":96,"column":20},"end":{"line":96,"column":42},"skip":true},"25":{"start":{"line":97,"column":20},"end":{"line":97,"column":48},"skip":true},"26":{"start":{"line":100,"column":20},"end":{"line":100,"column":85},"skip":true},"27":{"start":{"line":101,"column":20},"end":{"line":101,"column":96},"skip":true},"28":{"start":{"line":103,"column":16},"end":{"line":103,"column":22},"skip":true},"29":{"start":{"line":106,"column":16},"end":{"line":106,"column":22},"skip":true},"30":{"start":{"line":108,"column":12},"end":{"line":120,"column":13},"skip":true},"31":{"start":{"line":114,"column":16},"end":{"line":119,"column":17},"skip":true},"32":{"start":{"line":116,"column":20},"end":{"line":116,"column":78},"skip":true},"33":{"start":{"line":118,"column":20},"end":{"line":118,"column":47},"skip":true},"34":{"start":{"line":123,"column":8},"end":{"line":141,"column":11},"skip":true},"35":{"start":{"line":124,"column":12},"end":{"line":124,"column":54},"skip":true},"36":{"start":{"line":125,"column":12},"end":{"line":140,"column":14},"skip":true},"37":{"start":{"line":126,"column":16},"end":{"line":126,"column":28},"skip":true},"38":{"start":{"line":127,"column":16},"end":{"line":127,"column":69},"skip":true},"39":{"start":{"line":128,"column":16},"end":{"line":128,"column":75},"skip":true},"40":{"start":{"line":129,"column":16},"end":{"line":131,"column":17},"skip":true},"41":{"start":{"line":130,"column":20},"end":{"line":130,"column":27},"skip":true},"42":{"start":{"line":133,"column":16},"end":{"line":137,"column":36},"skip":true},"43":{"start":{"line":134,"column":20},"end":{"line":136,"column":55},"skip":true},"44":{"start":{"line":139,"column":16},"end":{"line":139,"column":57},"skip":true},"45":{"start":{"line":143,"column":8},"end":{"line":147,"column":11},"skip":true},"46":{"start":{"line":144,"column":12},"end":{"line":146,"column":15},"skip":true},"47":{"start":{"line":145,"column":16},"end":{"line":145,"column":70},"skip":true},"48":{"start":{"line":149,"column":8},"end":{"line":149,"column":31},"skip":true},"49":{"start":{"line":150,"column":8},"end":{"line":150,"column":14},"skip":true},"50":{"start":{"line":158,"column":8},"end":{"line":158,"column":31},"skip":true},"51":{"start":{"line":160,"column":8},"end":{"line":160,"column":33},"skip":true},"52":{"start":{"line":161,"column":8},"end":{"line":161,"column":37},"skip":true},"53":{"start":{"line":162,"column":8},"end":{"line":162,"column":35},"skip":true},"54":{"start":{"line":164,"column":8},"end":{"line":164,"column":50},"skip":true},"55":{"start":{"line":166,"column":8},"end":{"line":256,"column":2},"skip":true},"56":{"start":{"line":258,"column":8},"end":{"line":286,"column":9},"skip":true},"57":{"start":{"line":259,"column":12},"end":{"line":269,"column":14},"skip":true},"58":{"start":{"line":271,"column":12},"end":{"line":285,"column":19},"skip":true},"59":{"start":{"line":274,"column":20},"end":{"line":274,"column":35},"skip":true},"60":{"start":{"line":275,"column":20},"end":{"line":284,"column":21},"skip":true},"61":{"start":{"line":277,"column":24},"end":{"line":277,"column":64},"skip":true},"62":{"start":{"line":279,"column":24},"end":{"line":279,"column":40},"skip":true},"63":{"start":{"line":281,"column":24},"end":{"line":281,"column":40},"skip":true},"64":{"start":{"line":283,"column":24},"end":{"line":283,"column":39},"skip":true},"65":{"start":{"line":288,"column":8},"end":{"line":290,"column":9},"skip":true},"66":{"start":{"line":289,"column":12},"end":{"line":289,"column":18},"skip":true},"67":{"start":{"line":291,"column":8},"end":{"line":293,"column":54},"skip":true},"68":{"start":{"line":296,"column":8},"end":{"line":301,"column":37},"skip":true},"69":{"start":{"line":303,"column":8},"end":{"line":303,"column":82},"skip":true},"70":{"start":{"line":306,"column":8},"end":{"line":308,"column":9},"skip":true},"71":{"start":{"line":307,"column":12},"end":{"line":307,"column":82},"skip":true},"72":{"start":{"line":310,"column":8},"end":{"line":312,"column":9},"skip":true},"73":{"start":{"line":311,"column":12},"end":{"line":311,"column":18},"skip":true},"74":{"start":{"line":313,"column":8},"end":{"line":313,"column":54},"skip":true},"75":{"start":{"line":314,"column":8},"end":{"line":314,"column":69},"skip":true},"76":{"start":{"line":315,"column":8},"end":{"line":323,"column":36},"skip":true},"77":{"start":{"line":316,"column":12},"end":{"line":316,"column":61},"skip":true},"78":{"start":{"line":317,"column":12},"end":{"line":320,"column":13},"skip":true},"79":{"start":{"line":318,"column":16},"end":{"line":318,"column":75},"skip":true},"80":{"start":{"line":319,"column":16},"end":{"line":319,"column":23},"skip":true},"81":{"start":{"line":321,"column":12},"end":{"line":321,"column":38},"skip":true},"82":{"start":{"line":322,"column":12},"end":{"line":322,"column":27},"skip":true},"83":{"start":{"line":324,"column":8},"end":{"line":324,"column":14},"skip":true}},"branchMap":{"1":{"line":39,"type":"binary-expr","locations":[{"start":{"line":39,"column":23},"end":{"line":39,"column":62}},{"start":{"line":40,"column":20},"end":{"line":40,"column":70}},{"start":{"line":41,"column":20},"end":{"line":41,"column":71}},{"start":{"line":42,"column":20},"end":{"line":42,"column":29}}]},"2":{"line":44,"type":"binary-expr","locations":[{"start":{"line":44,"column":23},"end":{"line":44,"column":37}},{"start":{"line":45,"column":20},"end":{"line":45,"column":61}},{"start":{"line":46,"column":20},"end":{"line":46,"column":70}},{"start":{"line":47,"column":20},"end":{"line":47,"column":26}}]},"3":{"line":51,"type":"cond-expr","locations":[{"start":{"line":52,"column":14},"end":{"line":52,"column":20}},{"start":{"line":53,"column":14},"end":{"line":53,"column":20}}]},"4":{"line":55,"type":"binary-expr","locations":[{"start":{"line":55,"column":16},"end":{"line":55,"column":44}},{"start":{"line":55,"column":49},"end":{"line":57,"column":43}}]},"5":{"line":55,"type":"cond-expr","locations":[{"start":{"line":56,"column":14},"end":{"line":56,"column":53}},{"start":{"line":57,"column":14},"end":{"line":57,"column":43}}]},"6":{"line":61,"type":"switch","locations":[{"start":{"line":68,"column":4},"end":{"line":150,"column":14},"skip":true},{"start":{"line":156,"column":4},"end":{"line":324,"column":14},"skip":true}]},"7":{"line":70,"type":"if","locations":[{"start":{"line":70,"column":12},"end":{"line":70,"column":12},"skip":true},{"start":{"line":70,"column":12},"end":{"line":70,"column":12},"skip":true}]},"8":{"line":70,"type":"binary-expr","locations":[{"start":{"line":70,"column":16},"end":{"line":70,"column":22},"skip":true},{"start":{"line":70,"column":27},"end":{"line":70,"column":32},"skip":true},{"start":{"line":71,"column":20},"end":{"line":71,"column":39},"skip":true},{"start":{"line":72,"column":20},"end":{"line":72,"column":49},"skip":true},{"start":{"line":73,"column":20},"end":{"line":73,"column":58},"skip":true},{"start":{"line":74,"column":20},"end":{"line":74,"column":69},"skip":true}]},"9":{"line":79,"type":"switch","locations":[{"start":{"line":80,"column":20},"end":{"line":80,"column":33},"skip":true},{"start":{"line":81,"column":20},"end":{"line":83,"column":30},"skip":true},{"start":{"line":84,"column":20},"end":{"line":85,"column":49},"skip":true}]},"10":{"line":89,"type":"switch","locations":[{"start":{"line":90,"column":12},"end":{"line":103,"column":22},"skip":true},{"start":{"line":105,"column":12},"end":{"line":106,"column":22},"skip":true}]},"11":{"line":89,"type":"binary-expr","locations":[{"start":{"line":89,"column":20},"end":{"line":89,"column":25},"skip":true},{"start":{"line":89,"column":29},"end":{"line":89,"column":48},"skip":true},{"start":{"line":89,"column":52},"end":{"line":89,"column":74},"skip":true}]},"12":{"line":92,"type":"if","locations":[{"start":{"line":92,"column":16},"end":{"line":92,"column":16},"skip":true},{"start":{"line":92,"column":16},"end":{"line":92,"column":16},"skip":true}]},"13":{"line":108,"type":"if","locations":[{"start":{"line":108,"column":12},"end":{"line":108,"column":12},"skip":true},{"start":{"line":108,"column":12},"end":{"line":108,"column":12},"skip":true}]},"14":{"line":108,"type":"binary-expr","locations":[{"start":{"line":108,"column":16},"end":{"line":108,"column":61},"skip":true},{"start":{"line":108,"column":66},"end":{"line":108,"column":72},"skip":true},{"start":{"line":108,"column":77},"end":{"line":108,"column":82},"skip":true},{"start":{"line":109,"column":20},"end":{"line":109,"column":39},"skip":true},{"start":{"line":110,"column":20},"end":{"line":110,"column":49},"skip":true},{"start":{"line":111,"column":20},"end":{"line":111,"column":58},"skip":true},{"start":{"line":112,"column":20},"end":{"line":112,"column":68},"skip":true}]},"15":{"line":129,"type":"if","locations":[{"start":{"line":129,"column":16},"end":{"line":129,"column":16},"skip":true},{"start":{"line":129,"column":16},"end":{"line":129,"column":16},"skip":true}]},"16":{"line":134,"type":"cond-expr","locations":[{"start":{"line":135,"column":26},"end":{"line":135,"column":29},"skip":true},{"start":{"line":136,"column":26},"end":{"line":136,"column":54},"skip":true}]},"17":{"line":164,"type":"binary-expr","locations":[{"start":{"line":164,"column":27},"end":{"line":164,"column":43},"skip":true},{"start":{"line":164,"column":47},"end":{"line":164,"column":49},"skip":true}]},"18":{"line":258,"type":"if","locations":[{"start":{"line":258,"column":8},"end":{"line":258,"column":8},"skip":true},{"start":{"line":258,"column":8},"end":{"line":258,"column":8},"skip":true}]},"19":{"line":275,"type":"switch","locations":[{"start":{"line":276,"column":20},"end":{"line":277,"column":64},"skip":true},{"start":{"line":278,"column":20},"end":{"line":279,"column":40},"skip":true},{"start":{"line":280,"column":20},"end":{"line":281,"column":40},"skip":true},{"start":{"line":282,"column":20},"end":{"line":283,"column":39},"skip":true}]},"20":{"line":288,"type":"if","locations":[{"start":{"line":288,"column":8},"end":{"line":288,"column":8},"skip":true},{"start":{"line":288,"column":8},"end":{"line":288,"column":8},"skip":true}]},"21":{"line":288,"type":"binary-expr","locations":[{"start":{"line":288,"column":12},"end":{"line":288,"column":40},"skip":true},{"start":{"line":288,"column":44},"end":{"line":288,"column":67},"skip":true}]},"22":{"line":292,"type":"binary-expr","locations":[{"start":{"line":292,"column":12},"end":{"line":292,"column":50},"skip":true},{"start":{"line":293,"column":12},"end":{"line":293,"column":53},"skip":true}]},"23":{"line":297,"type":"binary-expr","locations":[{"start":{"line":297,"column":12},"end":{"line":297,"column":67},"skip":true},{"start":{"line":298,"column":12},"end":{"line":301,"column":36},"skip":true}]},"24":{"line":303,"type":"binary-expr","locations":[{"start":{"line":303,"column":43},"end":{"line":303,"column":75},"skip":true},{"start":{"line":303,"column":79},"end":{"line":303,"column":81},"skip":true}]},"25":{"line":306,"type":"if","locations":[{"start":{"line":306,"column":8},"end":{"line":306,"column":8},"skip":true},{"start":{"line":306,"column":8},"end":{"line":306,"column":8},"skip":true}]},"26":{"line":310,"type":"if","locations":[{"start":{"line":310,"column":8},"end":{"line":310,"column":8},"skip":true},{"start":{"line":310,"column":8},"end":{"line":310,"column":8},"skip":true}]},"27":{"line":313,"type":"binary-expr","locations":[{"start":{"line":313,"column":27},"end":{"line":313,"column":43},"skip":true},{"start":{"line":313,"column":47},"end":{"line":313,"column":53},"skip":true}]},"28":{"line":317,"type":"if","locations":[{"start":{"line":317,"column":12},"end":{"line":317,"column":12},"skip":true},{"start":{"line":317,"column":12},"end":{"line":317,"column":12},"skip":true}]}},"code":["/*","example.js","","quickstart example","","instruction","    1. save this script as example.js","    2. run the shell command:","        $ npm install npmtest-axios-es6 && PORT=8081 node example.js","    3. play with the browser-demo on http://127.0.0.1:8081","*/","","","","/* istanbul instrument in package npmtest_axios_es6 */","/*jslint","    bitwise: true,","    browser: true,","    maxerr: 8,","    maxlen: 96,","    node: true,","    nomen: true,","    regexp: true,","    stupid: true","*/","(function () {","    'use strict';","    var local;","","","","    // run shared js-env code - pre-init","    (function () {","        // init local","        local = {};","        // init modeJs","        local.modeJs = (function () {","            try {","                return typeof navigator.userAgent === 'string' &&","                    typeof document.querySelector('body') === 'object' &&","                    typeof XMLHttpRequest.prototype.open === 'function' &&","                    'browser';","            } catch (errorCaughtBrowser) {","                return module.exports &&","                    typeof process.versions.node === 'string' &&","                    typeof require('http').createServer === 'function' &&","                    'node';","            }","        }());","        // init global","        local.global = local.modeJs === 'browser'","            ? window","            : global;","        // init utility2_rollup","        local = local.global.utility2_rollup || (local.modeJs === 'browser'","            ? local.global.utility2_npmtest_axios_es6","            : global.utility2_moduleExports);","        // export local","        local.global.local = local;","    }());","    switch (local.modeJs) {","","","","    // post-init","    // run browser js-env code - post-init","    /* istanbul ignore next */","    case 'browser':","        local.testRunBrowser = function (event) {","            if (!event || (event &&","                    event.currentTarget &&","                    event.currentTarget.className &&","                    event.currentTarget.className.includes &&","                    event.currentTarget.className.includes('onreset'))) {","                // reset output","                Array.from(","                    document.querySelectorAll('body > .resettable')","                ).forEach(function (element) {","                    switch (element.tagName) {","                    case 'INPUT':","                    case 'TEXTAREA':","                        element.value = '';","                        break;","                    default:","                        element.textContent = '';","                    }","                });","            }","            switch (event && event.currentTarget && event.currentTarget.id) {","            case 'testRunButton1':","                // show tests","                if (document.querySelector('#testReportDiv1').style.display === 'none') {","                    document.querySelector('#testReportDiv1').style.display = 'block';","                    document.querySelector('#testRunButton1').textContent =","                        'hide internal test';","                    local.modeTest = true;","                    local.testRunDefault(local);","                // hide tests","                } else {","                    document.querySelector('#testReportDiv1').style.display = 'none';","                    document.querySelector('#testRunButton1').textContent = 'run internal test';","                }","                break;","            // custom-case","            default:","                break;","            }","            if (document.querySelector('#inputTextareaEval1') && (!event || (event &&","                    event.currentTarget &&","                    event.currentTarget.className &&","                    event.currentTarget.className.includes &&","                    event.currentTarget.className.includes('oneval')))) {","                // try to eval input-code","                try {","                    /*jslint evil: true*/","                    eval(document.querySelector('#inputTextareaEval1').value);","                } catch (errorCaught) {","                    console.error(errorCaught);","                }","            }","        };","        // log stderr and stdout to #outputTextareaStdout1","        ['error', 'log'].forEach(function (key) {","            console[key + '_original'] = console[key];","            console[key] = function () {","                var element;","                console[key + '_original'].apply(console, arguments);","                element = document.querySelector('#outputTextareaStdout1');","                if (!element) {","                    return;","                }","                // append text to #outputTextareaStdout1","                element.value += Array.from(arguments).map(function (arg) {","                    return typeof arg === 'string'","                        ? arg","                        : JSON.stringify(arg, null, 4);","                }).join(' ') + '\\n';","                // scroll textarea to bottom","                element.scrollTop = element.scrollHeight;","            };","        });","        // init event-handling","        ['change', 'click', 'keyup'].forEach(function (event) {","            Array.from(document.querySelectorAll('.on' + event)).forEach(function (element) {","                element.addEventListener(event, local.testRunBrowser);","            });","        });","        // run tests","        local.testRunBrowser();","        break;","","","","    // run node js-env code - post-init","    /* istanbul ignore next */","    case 'node':","        // export local","        module.exports = local;","        // require modules","        local.fs = require('fs');","        local.http = require('http');","        local.url = require('url');","        // init assets","        local.assetsDict = local.assetsDict || {};","        /* jslint-ignore-begin */","        local.assetsDict['/assets.index.template.html'] = '\\","<!doctype html>\\n\\","<html lang=\"en\">\\n\\","<head>\\n\\","<meta charset=\"UTF-8\">\\n\\","<meta name=\"viewport\" content=\"width=device-width, initial-scale=1\">\\n\\","<title>{{env.npm_package_name}} (v{{env.npm_package_version}})</title>\\n\\","<style>\\n\\","/*csslint\\n\\","    box-sizing: false,\\n\\","    universal-selector: false\\n\\","*/\\n\\","* {\\n\\","    box-sizing: border-box;\\n\\","}\\n\\","body {\\n\\","    background: #dde;\\n\\","    font-family: Arial, Helvetica, sans-serif;\\n\\","    margin: 2rem;\\n\\","}\\n\\","body > * {\\n\\","    margin-bottom: 1rem;\\n\\","}\\n\\",".utility2FooterDiv {\\n\\","    margin-top: 20px;\\n\\","    text-align: center;\\n\\","}\\n\\","</style>\\n\\","<style>\\n\\","/*csslint\\n\\","*/\\n\\","textarea {\\n\\","    font-family: monospace;\\n\\","    height: 10rem;\\n\\","    width: 100%;\\n\\","}\\n\\","textarea[readonly] {\\n\\","    background: #ddd;\\n\\","}\\n\\","</style>\\n\\","</head>\\n\\","<body>\\n\\","<!-- utility2-comment\\n\\","<div id=\"ajaxProgressDiv1\" style=\"background: #d00; height: 2px; left: 0; margin: 0; padding: 0; position: fixed; top: 0; transition: background 0.5s, width 1.5s; width: 25%;\"></div>\\n\\","utility2-comment -->\\n\\","<h1>\\n\\","<!-- utility2-comment\\n\\","    <a\\n\\","        {{#if env.npm_package_homepage}}\\n\\","        href=\"{{env.npm_package_homepage}}\"\\n\\","        {{/if env.npm_package_homepage}}\\n\\","        target=\"_blank\"\\n\\","    >\\n\\","utility2-comment -->\\n\\","        {{env.npm_package_name}} (v{{env.npm_package_version}})\\n\\","<!-- utility2-comment\\n\\","    </a>\\n\\","utility2-comment -->\\n\\","</h1>\\n\\","<h3>{{env.npm_package_description}}</h3>\\n\\","<!-- utility2-comment\\n\\","<h4><a download href=\"assets.app.js\">download standalone app</a></h4>\\n\\","<button class=\"onclick onreset\" id=\"testRunButton1\">run internal test</button><br>\\n\\","<div id=\"testReportDiv1\" style=\"display: none;\"></div>\\n\\","utility2-comment -->\\n\\","\\n\\","\\n\\","\\n\\","<label>stderr and stdout</label>\\n\\","<textarea class=\"resettable\" id=\"outputTextareaStdout1\" readonly></textarea>\\n\\","<!-- utility2-comment\\n\\","{{#if isRollup}}\\n\\","<script src=\"assets.app.js\"></script>\\n\\","{{#unless isRollup}}\\n\\","utility2-comment -->\\n\\","<script src=\"assets.utility2.rollup.js\"></script>\\n\\","<script src=\"jsonp.utility2._stateInit?callback=window.utility2._stateInit\"></script>\\n\\","<script src=\"assets.npmtest_axios_es6.rollup.js\"></script>\\n\\","<script src=\"assets.example.js\"></script>\\n\\","<script src=\"assets.test.js\"></script>\\n\\","<!-- utility2-comment\\n\\","{{/if isRollup}}\\n\\","utility2-comment -->\\n\\","<div class=\"utility2FooterDiv\">\\n\\","    [ this app was created with\\n\\","    <a href=\"https://github.com/kaizhu256/node-utility2\" target=\"_blank\">utility2</a>\\n\\","    ]\\n\\","</div>\\n\\","</body>\\n\\","</html>\\n\\","';","        /* jslint-ignore-end */","        if (local.templateRender) {","            local.assetsDict['/'] = local.templateRender(","                local.assetsDict['/assets.index.template.html'],","                {","                    env: local.objectSetDefault(local.env, {","                        npm_package_description: 'the greatest app in the world!',","                        npm_package_name: 'my-app',","                        npm_package_nameAlias: 'my_app',","                        npm_package_version: '0.0.1'","                    })","                }","            );","        } else {","            local.assetsDict['/'] = local.assetsDict['/assets.index.template.html']","                .replace((/\\{\\{env\\.(\\w+?)\\}\\}/g), function (match0, match1) {","                    // jslint-hack","                    String(match0);","                    switch (match1) {","                    case 'npm_package_description':","                        return 'the greatest app in the world!';","                    case 'npm_package_name':","                        return 'my-app';","                    case 'npm_package_nameAlias':","                        return 'my_app';","                    case 'npm_package_version':","                        return '0.0.1';","                    }","                });","        }","        // run the cli","        if (local.global.utility2_rollup || module !== require.main) {","            break;","        }","        local.assetsDict['/assets.example.js'] =","            local.assetsDict['/assets.example.js'] ||","            local.fs.readFileSync(__filename, 'utf8');","        // bug-workaround - long $npm_package_buildCustomOrg","        /* jslint-ignore-begin */","        local.assetsDict['/assets.npmtest_axios_es6.rollup.js'] =","            local.assetsDict['/assets.npmtest_axios_es6.rollup.js'] ||","            local.fs.readFileSync(","                local.npmtest_axios_es6.__dirname + '/lib.npmtest_axios_es6.js',","                'utf8'","            ).replace((/^#!/), '//');","        /* jslint-ignore-end */","        local.assetsDict['/favicon.ico'] = local.assetsDict['/favicon.ico'] || '';","        // if $npm_config_timeout_exit exists,","        // then exit this process after $npm_config_timeout_exit ms","        if (Number(process.env.npm_config_timeout_exit)) {","            setTimeout(process.exit, Number(process.env.npm_config_timeout_exit));","        }","        // start server","        if (local.global.utility2_serverHttp1) {","            break;","        }","        process.env.PORT = process.env.PORT || '8081';","        console.error('server starting on port ' + process.env.PORT);","        local.http.createServer(function (request, response) {","            request.urlParsed = local.url.parse(request.url);","            if (local.assetsDict[request.urlParsed.pathname] !== undefined) {","                response.end(local.assetsDict[request.urlParsed.pathname]);","                return;","            }","            response.statusCode = 404;","            response.end();","        }).listen(process.env.PORT);","        break;","    }","}());",""],"l":{"26":2,"28":2,"33":2,"35":2,"37":2,"38":2,"39":2,"44":1,"51":2,"55":2,"59":2,"61":2,"69":1,"70":2,"76":2,"79":2,"82":2,"83":2,"85":1,"89":2,"92":1,"93":1,"94":1,"96":1,"97":1,"100":1,"101":1,"103":1,"106":1,"108":2,"114":1,"116":1,"118":1,"123":1,"124":2,"125":2,"126":3,"127":3,"128":3,"129":3,"130":1,"133":3,"134":3,"139":3,"143":1,"144":3,"145":1,"149":1,"150":1,"158":1,"160":1,"161":1,"162":1,"164":1,"166":1,"258":1,"259":1,"271":1,"274":6,"275":6,"277":1,"279":2,"281":1,"283":2,"288":1,"289":1,"291":1,"296":1,"303":1,"306":1,"307":1,"310":1,"311":1,"313":1,"314":1,"315":1,"316":1,"317":1,"318":1,"319":1,"321":1,"322":1,"324":1}},"/home/travis/build/npmtest/node-npmtest-axios-es6/node_modules/axios-es6/index.js":{"path":"/home/travis/build/npmtest/node-npmtest-axios-es6/node_modules/axios-es6/index.js","s":{"1":1},"b":{},"f":{},"fnMap":{},"statementMap":{"1":{"start":{"line":1,"column":0},"end":{"line":1,"column":40}}},"branchMap":{},"code":["module.exports = require('./lib/axios');"],"l":{"1":1}},"/home/travis/build/npmtest/node-npmtest-axios-es6/node_modules/axios-es6/lib/axios.js":{"path":"/home/travis/build/npmtest/node-npmtest-axios-es6/node_modules/axios-es6/lib/axios.js","s":{"1":1,"2":1,"3":1,"4":1,"5":1,"6":1,"7":1,"8":1,"9":1,"10":1,"11":1,"12":1,"13":0,"14":0,"15":0,"16":0,"17":0,"18":0,"19":0,"20":0,"21":0,"22":0,"23":0,"24":0,"25":0,"26":0,"27":0,"28":0,"29":0,"30":0,"31":0,"32":1,"33":1,"34":1,"35":1,"36":1,"37":1,"38":0,"39":1,"40":0,"41":1,"42":1,"43":3,"44":0,"45":3,"46":1,"47":3,"48":0,"49":3},"b":{"1":[0,0],"2":[0,0],"3":[0,0],"4":[0,0],"5":[0,0],"6":[0,0],"7":[0,0],"8":[0,0],"9":[0,0]},"f":{"1":1,"2":0,"3":0,"4":0,"5":0,"6":0,"7":0,"8":3,"9":0,"10":3,"11":0},"fnMap":{"1":{"name":"Axios","line":12,"loc":{"start":{"line":12,"column":0},"end":{"line":12,"column":30}}},"2":{"name":"request","line":20,"loc":{"start":{"line":20,"column":26},"end":{"line":20,"column":51}}},"3":{"name":"cleanHeaderConfig","line":55,"loc":{"start":{"line":55,"column":4},"end":{"line":55,"column":39}}},"4":{"name":"unshiftRequestInterceptors","line":64,"loc":{"start":{"line":64,"column":36},"end":{"line":64,"column":85}}},"5":{"name":"pushResponseInterceptors","line":68,"loc":{"start":{"line":68,"column":37},"end":{"line":68,"column":84}}},"6":{"name":"create","line":88,"loc":{"start":{"line":88,"column":15},"end":{"line":88,"column":46}}},"7":{"name":"all","line":93,"loc":{"start":{"line":93,"column":12},"end":{"line":93,"column":35}}},"8":{"name":"forEachMethodNoData","line":99,"loc":{"start":{"line":99,"column":41},"end":{"line":99,"column":78}}},"9":{"name":"(anonymous_9)","line":101,"loc":{"start":{"line":101,"column":28},"end":{"line":101,"column":50}}},"10":{"name":"forEachMethodWithData","line":110,"loc":{"start":{"line":110,"column":40},"end":{"line":110,"column":79}}},"11":{"name":"(anonymous_11)","line":112,"loc":{"start":{"line":112,"column":28},"end":{"line":112,"column":56}}}},"statementMap":{"1":{"start":{"line":3,"column":0},"end":{"line":3,"column":37}},"2":{"start":{"line":4,"column":0},"end":{"line":4,"column":31}},"3":{"start":{"line":5,"column":0},"end":{"line":5,"column":56}},"4":{"start":{"line":6,"column":0},"end":{"line":6,"column":62}},"5":{"start":{"line":7,"column":0},"end":{"line":7,"column":55}},"6":{"start":{"line":8,"column":0},"end":{"line":8,"column":51}},"7":{"start":{"line":9,"column":0},"end":{"line":9,"column":37}},"8":{"start":{"line":10,"column":0},"end":{"line":10,"column":55}},"9":{"start":{"line":12,"column":0},"end":{"line":18,"column":1}},"10":{"start":{"line":13,"column":2},"end":{"line":13,"column":49}},"11":{"start":{"line":14,"column":2},"end":{"line":17,"column":4}},"12":{"start":{"line":20,"column":0},"end":{"line":77,"column":2}},"13":{"start":{"line":23,"column":2},"end":{"line":27,"column":3}},"14":{"start":{"line":24,"column":4},"end":{"line":26,"column":21}},"15":{"start":{"line":29,"column":2},"end":{"line":29,"column":75}},"16":{"start":{"line":32,"column":2},"end":{"line":34,"column":3}},"17":{"start":{"line":33,"column":4},"end":{"line":33,"column":57}},"18":{"start":{"line":37,"column":2},"end":{"line":37,"column":83}},"19":{"start":{"line":40,"column":2},"end":{"line":44,"column":4}},"20":{"start":{"line":47,"column":2},"end":{"line":51,"column":4}},"21":{"start":{"line":53,"column":2},"end":{"line":58,"column":4}},"22":{"start":{"line":56,"column":6},"end":{"line":56,"column":36}},"23":{"start":{"line":61,"column":2},"end":{"line":61,"column":43}},"24":{"start":{"line":62,"column":2},"end":{"line":62,"column":40}},"25":{"start":{"line":64,"column":2},"end":{"line":66,"column":5}},"26":{"start":{"line":65,"column":4},"end":{"line":65,"column":63}},"27":{"start":{"line":68,"column":2},"end":{"line":70,"column":5}},"28":{"start":{"line":69,"column":4},"end":{"line":69,"column":60}},"29":{"start":{"line":72,"column":2},"end":{"line":74,"column":3}},"30":{"start":{"line":73,"column":4},"end":{"line":73,"column":57}},"31":{"start":{"line":76,"column":2},"end":{"line":76,"column":17}},"32":{"start":{"line":79,"column":0},"end":{"line":79,"column":42}},"33":{"start":{"line":80,"column":0},"end":{"line":80,"column":76}},"34":{"start":{"line":81,"column":0},"end":{"line":81,"column":29}},"35":{"start":{"line":84,"column":0},"end":{"line":84,"column":42}},"36":{"start":{"line":85,"column":0},"end":{"line":85,"column":50}},"37":{"start":{"line":88,"column":0},"end":{"line":90,"column":2}},"38":{"start":{"line":89,"column":2},"end":{"line":89,"column":34}},"39":{"start":{"line":93,"column":0},"end":{"line":95,"column":2}},"40":{"start":{"line":94,"column":2},"end":{"line":94,"column":31}},"41":{"start":{"line":96,"column":0},"end":{"line":96,"column":43}},"42":{"start":{"line":99,"column":0},"end":{"line":108,"column":3}},"43":{"start":{"line":101,"column":2},"end":{"line":106,"column":4}},"44":{"start":{"line":102,"column":4},"end":{"line":105,"column":8}},"45":{"start":{"line":107,"column":2},"end":{"line":107,"column":65}},"46":{"start":{"line":110,"column":0},"end":{"line":120,"column":3}},"47":{"start":{"line":112,"column":2},"end":{"line":118,"column":4}},"48":{"start":{"line":113,"column":4},"end":{"line":117,"column":8}},"49":{"start":{"line":119,"column":2},"end":{"line":119,"column":65}}},"branchMap":{"1":{"line":23,"type":"if","locations":[{"start":{"line":23,"column":2},"end":{"line":23,"column":2}},{"start":{"line":23,"column":2},"end":{"line":23,"column":2}}]},"2":{"line":32,"type":"if","locations":[{"start":{"line":32,"column":2},"end":{"line":32,"column":2}},{"start":{"line":32,"column":2},"end":{"line":32,"column":2}}]},"3":{"line":32,"type":"binary-expr","locations":[{"start":{"line":32,"column":6},"end":{"line":32,"column":20}},{"start":{"line":32,"column":24},"end":{"line":32,"column":50}}]},"4":{"line":37,"type":"binary-expr","locations":[{"start":{"line":37,"column":27},"end":{"line":37,"column":49}},{"start":{"line":37,"column":53},"end":{"line":37,"column":82}}]},"5":{"line":48,"type":"binary-expr","locations":[{"start":{"line":48,"column":4},"end":{"line":48,"column":25}},{"start":{"line":48,"column":29},"end":{"line":48,"column":31}}]},"6":{"line":49,"type":"binary-expr","locations":[{"start":{"line":49,"column":4},"end":{"line":49,"column":33}},{"start":{"line":49,"column":37},"end":{"line":49,"column":39}}]},"7":{"line":50,"type":"binary-expr","locations":[{"start":{"line":50,"column":4},"end":{"line":50,"column":18}},{"start":{"line":50,"column":22},"end":{"line":50,"column":24}}]},"8":{"line":102,"type":"binary-expr","locations":[{"start":{"line":102,"column":36},"end":{"line":102,"column":42}},{"start":{"line":102,"column":46},"end":{"line":102,"column":48}}]},"9":{"line":113,"type":"binary-expr","locations":[{"start":{"line":113,"column":36},"end":{"line":113,"column":42}},{"start":{"line":113,"column":46},"end":{"line":113,"column":48}}]}},"code":["'use strict';","","var defaults = require('./defaults');","var utils = require('./utils');","var dispatchRequest = require('./core/dispatchRequest');","var InterceptorManager = require('./core/InterceptorManager');","var isAbsoluteURL = require('./helpers/isAbsoluteURL');","var combineURLs = require('./helpers/combineURLs');","var bind = require('./helpers/bind');","var transformData = require('./helpers/transformData');","","function Axios(defaultConfig) {","  this.defaults = utils.merge({}, defaultConfig);","  this.interceptors = {","    request: new InterceptorManager(),","    response: new InterceptorManager()","  };","}","","Axios.prototype.request = function request(config) {","  /*eslint no-param-reassign:0*/","  // Allow for axios('example/url'[, config]) a la fetch API","  if (typeof config === 'string') {","    config = utils.merge({","      url: arguments[0]","    }, arguments[1]);","  }","","  config = utils.merge(defaults, this.defaults, { method: 'get' }, config);","","  // Support baseURL config","  if (config.baseURL && !isAbsoluteURL(config.url)) {","    config.url = combineURLs(config.baseURL, config.url);","  }","","  // Don't allow overriding defaults.withCredentials","  config.withCredentials = config.withCredentials || this.defaults.withCredentials;","","  // Transform request data","  config.data = transformData(","    config.data,","    config.headers,","    config.transformRequest","  );","","  // Flatten headers","  config.headers = utils.merge(","    config.headers.common || {},","    config.headers[config.method] || {},","    config.headers || {}","  );","","  utils.forEach(","    ['delete', 'get', 'head', 'post', 'put', 'patch', 'common'],","    function cleanHeaderConfig(method) {","      delete config.headers[method];","    }","  );","","  // Hook up interceptors middleware","  var chain = [dispatchRequest, undefined];","  var promise = Promise.resolve(config);","","  this.interceptors.request.forEach(function unshiftRequestInterceptors(interceptor) {","    chain.unshift(interceptor.fulfilled, interceptor.rejected);","  });","","  this.interceptors.response.forEach(function pushResponseInterceptors(interceptor) {","    chain.push(interceptor.fulfilled, interceptor.rejected);","  });","","  while (chain.length) {","    promise = promise.then(chain.shift(), chain.shift());","  }","","  return promise;","};","","var defaultInstance = new Axios(defaults);","var axios = module.exports = bind(Axios.prototype.request, defaultInstance);","module.exports.Axios = Axios;","","// Expose properties from defaultInstance","axios.defaults = defaultInstance.defaults;","axios.interceptors = defaultInstance.interceptors;","","// Factory for creating new instances","axios.create = function create(defaultConfig) {","  return new Axios(defaultConfig);","};","","// Expose all/spread","axios.all = function all(promises) {","  return Promise.all(promises);","};","axios.spread = require('./helpers/spread');","","// Provide aliases for supported request methods","utils.forEach(['delete', 'get', 'head'], function forEachMethodNoData(method) {","  /*eslint func-names:0*/","  Axios.prototype[method] = function(url, config) {","    return this.request(utils.merge(config || {}, {","      method: method,","      url: url","    }));","  };","  axios[method] = bind(Axios.prototype[method], defaultInstance);","});","","utils.forEach(['post', 'put', 'patch'], function forEachMethodWithData(method) {","  /*eslint func-names:0*/","  Axios.prototype[method] = function(url, data, config) {","    return this.request(utils.merge(config || {}, {","      method: method,","      url: url,","      data: data","    }));","  };","  axios[method] = bind(Axios.prototype[method], defaultInstance);","});",""],"l":{"3":1,"4":1,"5":1,"6":1,"7":1,"8":1,"9":1,"10":1,"12":1,"13":1,"14":1,"20":1,"23":0,"24":0,"29":0,"32":0,"33":0,"37":0,"40":0,"47":0,"53":0,"56":0,"61":0,"62":0,"64":0,"65":0,"68":0,"69":0,"72":0,"73":0,"76":0,"79":1,"80":1,"81":1,"84":1,"85":1,"88":1,"89":0,"93":1,"94":0,"96":1,"99":1,"101":3,"102":0,"107":3,"110":1,"112":3,"113":0,"119":3}},"/home/travis/build/npmtest/node-npmtest-axios-es6/node_modules/axios-es6/lib/defaults.js":{"path":"/home/travis/build/npmtest/node-npmtest-axios-es6/node_modules/axios-es6/lib/defaults.js","s":{"1":1,"2":1,"3":1,"4":1,"5":0,"6":0,"7":0,"8":0,"9":0,"10":0,"11":0,"12":0,"13":0,"14":0,"15":0,"16":0,"17":0,"18":0,"19":0,"20":0,"21":0,"22":0,"23":0},"b":{"1":[0,0],"2":[0,0,0],"3":[0,0],"4":[0,0],"5":[0,0,0],"6":[0,0],"7":[0,0],"8":[0,0],"9":[0,0],"10":[0,0]},"f":{"1":0,"2":0,"3":0,"4":0},"fnMap":{"1":{"name":"transformRequest","line":11,"loc":{"start":{"line":11,"column":21},"end":{"line":11,"column":62}}},"2":{"name":"processContentTypeHeader","line":21,"loc":{"start":{"line":21,"column":31},"end":{"line":21,"column":75}}},"3":{"name":"transformResponse","line":36,"loc":{"start":{"line":36,"column":22},"end":{"line":36,"column":55}}},"4":{"name":"validateStatus","line":63,"loc":{"start":{"line":63,"column":18},"end":{"line":63,"column":50}}}},"statementMap":{"1":{"start":{"line":3,"column":0},"end":{"line":3,"column":31}},"2":{"start":{"line":5,"column":0},"end":{"line":5,"column":39}},"3":{"start":{"line":6,"column":0},"end":{"line":8,"column":2}},"4":{"start":{"line":10,"column":0},"end":{"line":66,"column":2}},"5":{"start":{"line":12,"column":4},"end":{"line":14,"column":5}},"6":{"start":{"line":13,"column":6},"end":{"line":13,"column":18}},"7":{"start":{"line":15,"column":4},"end":{"line":17,"column":5}},"8":{"start":{"line":16,"column":6},"end":{"line":16,"column":25}},"9":{"start":{"line":18,"column":4},"end":{"line":32,"column":5}},"10":{"start":{"line":20,"column":6},"end":{"line":30,"column":7}},"11":{"start":{"line":21,"column":8},"end":{"line":25,"column":11}},"12":{"start":{"line":22,"column":10},"end":{"line":24,"column":11}},"13":{"start":{"line":23,"column":12},"end":{"line":23,"column":42}},"14":{"start":{"line":27,"column":8},"end":{"line":29,"column":9}},"15":{"start":{"line":28,"column":10},"end":{"line":28,"column":69}},"16":{"start":{"line":31,"column":6},"end":{"line":31,"column":34}},"17":{"start":{"line":33,"column":4},"end":{"line":33,"column":16}},"18":{"start":{"line":38,"column":4},"end":{"line":43,"column":5}},"19":{"start":{"line":39,"column":6},"end":{"line":39,"column":49}},"20":{"start":{"line":40,"column":6},"end":{"line":42,"column":34}},"21":{"start":{"line":41,"column":8},"end":{"line":41,"column":32}},"22":{"start":{"line":44,"column":4},"end":{"line":44,"column":16}},"23":{"start":{"line":64,"column":4},"end":{"line":64,"column":41}}},"branchMap":{"1":{"line":12,"type":"if","locations":[{"start":{"line":12,"column":4},"end":{"line":12,"column":4}},{"start":{"line":12,"column":4},"end":{"line":12,"column":4}}]},"2":{"line":12,"type":"binary-expr","locations":[{"start":{"line":12,"column":8},"end":{"line":12,"column":30}},{"start":{"line":12,"column":34},"end":{"line":12,"column":59}},{"start":{"line":12,"column":63},"end":{"line":12,"column":83}}]},"3":{"line":15,"type":"if","locations":[{"start":{"line":15,"column":4},"end":{"line":15,"column":4}},{"start":{"line":15,"column":4},"end":{"line":15,"column":4}}]},"4":{"line":18,"type":"if","locations":[{"start":{"line":18,"column":4},"end":{"line":18,"column":4}},{"start":{"line":18,"column":4},"end":{"line":18,"column":4}}]},"5":{"line":18,"type":"binary-expr","locations":[{"start":{"line":18,"column":8},"end":{"line":18,"column":28}},{"start":{"line":18,"column":32},"end":{"line":18,"column":51}},{"start":{"line":18,"column":55},"end":{"line":18,"column":74}}]},"6":{"line":20,"type":"if","locations":[{"start":{"line":20,"column":6},"end":{"line":20,"column":6}},{"start":{"line":20,"column":6},"end":{"line":20,"column":6}}]},"7":{"line":22,"type":"if","locations":[{"start":{"line":22,"column":10},"end":{"line":22,"column":10}},{"start":{"line":22,"column":10},"end":{"line":22,"column":10}}]},"8":{"line":27,"type":"if","locations":[{"start":{"line":27,"column":8},"end":{"line":27,"column":8}},{"start":{"line":27,"column":8},"end":{"line":27,"column":8}}]},"9":{"line":38,"type":"if","locations":[{"start":{"line":38,"column":4},"end":{"line":38,"column":4}},{"start":{"line":38,"column":4},"end":{"line":38,"column":4}}]},"10":{"line":64,"type":"binary-expr","locations":[{"start":{"line":64,"column":11},"end":{"line":64,"column":24}},{"start":{"line":64,"column":28},"end":{"line":64,"column":40}}]}},"code":["'use strict';","","var utils = require('./utils');","","var PROTECTION_PREFIX = /^\\)\\]\\}',?\\n/;","var DEFAULT_CONTENT_TYPE = {","  'Content-Type': 'application/x-www-form-urlencoded'","};","","module.exports = {","  transformRequest: [function transformRequest(data, headers) {","    if (utils.isFormData(data) || utils.isArrayBuffer(data) || utils.isStream(data)) {","      return data;","    }","    if (utils.isArrayBufferView(data)) {","      return data.buffer;","    }","    if (utils.isObject(data) && !utils.isFile(data) && !utils.isBlob(data)) {","      // Set application/json if no Content-Type has been specified","      if (!utils.isUndefined(headers)) {","        utils.forEach(headers, function processContentTypeHeader(val, key) {","          if (key.toLowerCase() === 'content-type') {","            headers['Content-Type'] = val;","          }","        });","","        if (utils.isUndefined(headers['Content-Type'])) {","          headers['Content-Type'] = 'application/json;charset=utf-8';","        }","      }","      return JSON.stringify(data);","    }","    return data;","  }],","","  transformResponse: [function transformResponse(data) {","    /*eslint no-param-reassign:0*/","    if (typeof data === 'string') {","      data = data.replace(PROTECTION_PREFIX, '');","      try {","        data = JSON.parse(data);","      } catch (e) { /* Ignore */ }","    }","    return data;","  }],","","  headers: {","    common: {","      'Accept': 'application/json, text/plain, */*'","    },","    patch: utils.merge(DEFAULT_CONTENT_TYPE),","    post: utils.merge(DEFAULT_CONTENT_TYPE),","    put: utils.merge(DEFAULT_CONTENT_TYPE)","  },","","  timeout: 0,","","  xsrfCookieName: 'XSRF-TOKEN',","  xsrfHeaderName: 'X-XSRF-TOKEN',","","  maxContentLength: -1,","","  validateStatus: function validateStatus(status) {","    return status >= 200 && status < 300;","  }","};",""],"l":{"3":1,"5":1,"6":1,"10":1,"12":0,"13":0,"15":0,"16":0,"18":0,"20":0,"21":0,"22":0,"23":0,"27":0,"28":0,"31":0,"33":0,"38":0,"39":0,"40":0,"41":0,"44":0,"64":0}},"/home/travis/build/npmtest/node-npmtest-axios-es6/node_modules/axios-es6/lib/utils.js":{"path":"/home/travis/build/npmtest/node-npmtest-axios-es6/node_modules/axios-es6/lib/utils.js","s":{"1":1,"2":1,"3":7,"4":1,"5":0,"6":1,"7":0,"8":1,"9":0,"10":0,"11":0,"12":0,"13":0,"14":1,"15":0,"16":1,"17":0,"18":1,"19":0,"20":1,"21":0,"22":1,"23":0,"24":1,"25":0,"26":1,"27":0,"28":1,"29":0,"30":1,"31":0,"32":1,"33":0,"34":1,"35":2,"36":1,"37":7,"38":0,"39":7,"40":0,"41":7,"42":2,"43":6,"44":5,"45":11,"46":11,"47":1,"48":4,"49":1,"50":11,"51":0,"52":11,"53":4,"54":5,"55":4,"56":1},"b":{"1":[0,0],"2":[0,0],"3":[0,0,0],"4":[0,0],"5":[0,0],"6":[2,0,0],"7":[0,7],"8":[7,7],"9":[0,7],"10":[7,0],"11":[2,5],"12":[11,0],"13":[0,11],"14":[11,0]},"f":{"1":7,"2":0,"3":0,"4":0,"5":0,"6":0,"7":0,"8":0,"9":0,"10":0,"11":0,"12":0,"13":0,"14":0,"15":2,"16":7,"17":4,"18":11},"fnMap":{"1":{"name":"isArray","line":15,"loc":{"start":{"line":15,"column":0},"end":{"line":15,"column":22}}},"2":{"name":"isArrayBuffer","line":25,"loc":{"start":{"line":25,"column":0},"end":{"line":25,"column":28}}},"3":{"name":"isFormData","line":35,"loc":{"start":{"line":35,"column":0},"end":{"line":35,"column":25}}},"4":{"name":"isArrayBufferView","line":45,"loc":{"start":{"line":45,"column":0},"end":{"line":45,"column":32}}},"5":{"name":"isString","line":61,"loc":{"start":{"line":61,"column":0},"end":{"line":61,"column":23}}},"6":{"name":"isNumber","line":71,"loc":{"start":{"line":71,"column":0},"end":{"line":71,"column":23}}},"7":{"name":"isUndefined","line":81,"loc":{"start":{"line":81,"column":0},"end":{"line":81,"column":26}}},"8":{"name":"isObject","line":91,"loc":{"start":{"line":91,"column":0},"end":{"line":91,"column":23}}},"9":{"name":"isDate","line":101,"loc":{"start":{"line":101,"column":0},"end":{"line":101,"column":21}}},"10":{"name":"isFile","line":111,"loc":{"start":{"line":111,"column":0},"end":{"line":111,"column":21}}},"11":{"name":"isBlob","line":121,"loc":{"start":{"line":121,"column":0},"end":{"line":121,"column":21}}},"12":{"name":"isFunction","line":131,"loc":{"start":{"line":131,"column":0},"end":{"line":131,"column":25}}},"13":{"name":"isStream","line":141,"loc":{"start":{"line":141,"column":0},"end":{"line":141,"column":23}}},"14":{"name":"trim","line":151,"loc":{"start":{"line":151,"column":0},"end":{"line":151,"column":19}}},"15":{"name":"isStandardBrowserEnv","line":168,"loc":{"start":{"line":168,"column":0},"end":{"line":168,"column":32}}},"16":{"name":"forEach","line":188,"loc":{"start":{"line":188,"column":0},"end":{"line":188,"column":26}}},"17":{"name":"merge","line":232,"loc":{"start":{"line":232,"column":0},"end":{"line":232,"column":44}}},"18":{"name":"assignValue","line":234,"loc":{"start":{"line":234,"column":2},"end":{"line":234,"column":33}}}},"statementMap":{"1":{"start":{"line":7,"column":0},"end":{"line":7,"column":41}},"2":{"start":{"line":15,"column":0},"end":{"line":17,"column":1}},"3":{"start":{"line":16,"column":2},"end":{"line":16,"column":49}},"4":{"start":{"line":25,"column":0},"end":{"line":27,"column":1}},"5":{"start":{"line":26,"column":2},"end":{"line":26,"column":55}},"6":{"start":{"line":35,"column":0},"end":{"line":37,"column":1}},"7":{"start":{"line":36,"column":2},"end":{"line":36,"column":52}},"8":{"start":{"line":45,"column":0},"end":{"line":53,"column":1}},"9":{"start":{"line":46,"column":2},"end":{"line":46,"column":13}},"10":{"start":{"line":47,"column":2},"end":{"line":51,"column":3}},"11":{"start":{"line":48,"column":4},"end":{"line":48,"column":37}},"12":{"start":{"line":50,"column":4},"end":{"line":50,"column":74}},"13":{"start":{"line":52,"column":2},"end":{"line":52,"column":16}},"14":{"start":{"line":61,"column":0},"end":{"line":63,"column":1}},"15":{"start":{"line":62,"column":2},"end":{"line":62,"column":33}},"16":{"start":{"line":71,"column":0},"end":{"line":73,"column":1}},"17":{"start":{"line":72,"column":2},"end":{"line":72,"column":33}},"18":{"start":{"line":81,"column":0},"end":{"line":83,"column":1}},"19":{"start":{"line":82,"column":2},"end":{"line":82,"column":36}},"20":{"start":{"line":91,"column":0},"end":{"line":93,"column":1}},"21":{"start":{"line":92,"column":2},"end":{"line":92,"column":49}},"22":{"start":{"line":101,"column":0},"end":{"line":103,"column":1}},"23":{"start":{"line":102,"column":2},"end":{"line":102,"column":48}},"24":{"start":{"line":111,"column":0},"end":{"line":113,"column":1}},"25":{"start":{"line":112,"column":2},"end":{"line":112,"column":48}},"26":{"start":{"line":121,"column":0},"end":{"line":123,"column":1}},"27":{"start":{"line":122,"column":2},"end":{"line":122,"column":48}},"28":{"start":{"line":131,"column":0},"end":{"line":133,"column":1}},"29":{"start":{"line":132,"column":2},"end":{"line":132,"column":52}},"30":{"start":{"line":141,"column":0},"end":{"line":143,"column":1}},"31":{"start":{"line":142,"column":2},"end":{"line":142,"column":47}},"32":{"start":{"line":151,"column":0},"end":{"line":153,"column":1}},"33":{"start":{"line":152,"column":2},"end":{"line":152,"column":53}},"34":{"start":{"line":168,"column":0},"end":{"line":174,"column":1}},"35":{"start":{"line":169,"column":2},"end":{"line":173,"column":4}},"36":{"start":{"line":188,"column":0},"end":{"line":213,"column":1}},"37":{"start":{"line":190,"column":2},"end":{"line":192,"column":3}},"38":{"start":{"line":191,"column":4},"end":{"line":191,"column":11}},"39":{"start":{"line":195,"column":2},"end":{"line":198,"column":3}},"40":{"start":{"line":197,"column":4},"end":{"line":197,"column":16}},"41":{"start":{"line":200,"column":2},"end":{"line":212,"column":3}},"42":{"start":{"line":202,"column":4},"end":{"line":204,"column":5}},"43":{"start":{"line":203,"column":6},"end":{"line":203,"column":36}},"44":{"start":{"line":207,"column":4},"end":{"line":211,"column":5}},"45":{"start":{"line":208,"column":6},"end":{"line":210,"column":7}},"46":{"start":{"line":209,"column":8},"end":{"line":209,"column":42}},"47":{"start":{"line":232,"column":0},"end":{"line":246,"column":1}},"48":{"start":{"line":233,"column":2},"end":{"line":233,"column":18}},"49":{"start":{"line":234,"column":2},"end":{"line":240,"column":3}},"50":{"start":{"line":235,"column":4},"end":{"line":239,"column":5}},"51":{"start":{"line":236,"column":6},"end":{"line":236,"column":44}},"52":{"start":{"line":238,"column":6},"end":{"line":238,"column":24}},"53":{"start":{"line":242,"column":2},"end":{"line":244,"column":3}},"54":{"start":{"line":243,"column":4},"end":{"line":243,"column":39}},"55":{"start":{"line":245,"column":2},"end":{"line":245,"column":16}},"56":{"start":{"line":248,"column":0},"end":{"line":266,"column":2}}},"branchMap":{"1":{"line":47,"type":"if","locations":[{"start":{"line":47,"column":2},"end":{"line":47,"column":2}},{"start":{"line":47,"column":2},"end":{"line":47,"column":2}}]},"2":{"line":47,"type":"binary-expr","locations":[{"start":{"line":47,"column":7},"end":{"line":47,"column":41}},{"start":{"line":47,"column":47},"end":{"line":47,"column":65}}]},"3":{"line":50,"type":"binary-expr","locations":[{"start":{"line":50,"column":14},"end":{"line":50,"column":17}},{"start":{"line":50,"column":23},"end":{"line":50,"column":33}},{"start":{"line":50,"column":39},"end":{"line":50,"column":72}}]},"4":{"line":92,"type":"binary-expr","locations":[{"start":{"line":92,"column":9},"end":{"line":92,"column":21}},{"start":{"line":92,"column":25},"end":{"line":92,"column":48}}]},"5":{"line":142,"type":"binary-expr","locations":[{"start":{"line":142,"column":9},"end":{"line":142,"column":22}},{"start":{"line":142,"column":26},"end":{"line":142,"column":46}}]},"6":{"line":170,"type":"binary-expr","locations":[{"start":{"line":170,"column":4},"end":{"line":170,"column":33}},{"start":{"line":171,"column":4},"end":{"line":171,"column":35}},{"start":{"line":172,"column":4},"end":{"line":172,"column":48}}]},"7":{"line":190,"type":"if","locations":[{"start":{"line":190,"column":2},"end":{"line":190,"column":2}},{"start":{"line":190,"column":2},"end":{"line":190,"column":2}}]},"8":{"line":190,"type":"binary-expr","locations":[{"start":{"line":190,"column":6},"end":{"line":190,"column":18}},{"start":{"line":190,"column":22},"end":{"line":190,"column":48}}]},"9":{"line":195,"type":"if","locations":[{"start":{"line":195,"column":2},"end":{"line":195,"column":2}},{"start":{"line":195,"column":2},"end":{"line":195,"column":2}}]},"10":{"line":195,"type":"binary-expr","locations":[{"start":{"line":195,"column":6},"end":{"line":195,"column":29}},{"start":{"line":195,"column":33},"end":{"line":195,"column":46}}]},"11":{"line":200,"type":"if","locations":[{"start":{"line":200,"column":2},"end":{"line":200,"column":2}},{"start":{"line":200,"column":2},"end":{"line":200,"column":2}}]},"12":{"line":208,"type":"if","locations":[{"start":{"line":208,"column":6},"end":{"line":208,"column":6}},{"start":{"line":208,"column":6},"end":{"line":208,"column":6}}]},"13":{"line":235,"type":"if","locations":[{"start":{"line":235,"column":4},"end":{"line":235,"column":4}},{"start":{"line":235,"column":4},"end":{"line":235,"column":4}}]},"14":{"line":235,"type":"binary-expr","locations":[{"start":{"line":235,"column":8},"end":{"line":235,"column":39}},{"start":{"line":235,"column":43},"end":{"line":235,"column":66}}]}},"code":["'use strict';","","/*global toString:true*/","","// utils is a library of generic helper functions non-specific to axios","","var toString = Object.prototype.toString;","","/**"," * Determine if a value is an Array"," *"," * @param {Object} val The value to test"," * @returns {boolean} True if value is an Array, otherwise false"," */","function isArray(val) {","  return toString.call(val) === '[object Array]';","}","","/**"," * Determine if a value is an ArrayBuffer"," *"," * @param {Object} val The value to test"," * @returns {boolean} True if value is an ArrayBuffer, otherwise false"," */","function isArrayBuffer(val) {","  return toString.call(val) === '[object ArrayBuffer]';","}","","/**"," * Determine if a value is a FormData"," *"," * @param {Object} val The value to test"," * @returns {boolean} True if value is an FormData, otherwise false"," */","function isFormData(val) {","  return toString.call(val) === '[object FormData]';","}","","/**"," * Determine if a value is a view on an ArrayBuffer"," *"," * @param {Object} val The value to test"," * @returns {boolean} True if value is a view on an ArrayBuffer, otherwise false"," */","function isArrayBufferView(val) {","  var result;","  if ((typeof ArrayBuffer !== 'undefined') && (ArrayBuffer.isView)) {","    result = ArrayBuffer.isView(val);","  } else {","    result = (val) && (val.buffer) && (val.buffer instanceof ArrayBuffer);","  }","  return result;","}","","/**"," * Determine if a value is a String"," *"," * @param {Object} val The value to test"," * @returns {boolean} True if value is a String, otherwise false"," */","function isString(val) {","  return typeof val === 'string';","}","","/**"," * Determine if a value is a Number"," *"," * @param {Object} val The value to test"," * @returns {boolean} True if value is a Number, otherwise false"," */","function isNumber(val) {","  return typeof val === 'number';","}","","/**"," * Determine if a value is undefined"," *"," * @param {Object} val The value to test"," * @returns {boolean} True if the value is undefined, otherwise false"," */","function isUndefined(val) {","  return typeof val === 'undefined';","}","","/**"," * Determine if a value is an Object"," *"," * @param {Object} val The value to test"," * @returns {boolean} True if value is an Object, otherwise false"," */","function isObject(val) {","  return val !== null && typeof val === 'object';","}","","/**"," * Determine if a value is a Date"," *"," * @param {Object} val The value to test"," * @returns {boolean} True if value is a Date, otherwise false"," */","function isDate(val) {","  return toString.call(val) === '[object Date]';","}","","/**"," * Determine if a value is a File"," *"," * @param {Object} val The value to test"," * @returns {boolean} True if value is a File, otherwise false"," */","function isFile(val) {","  return toString.call(val) === '[object File]';","}","","/**"," * Dete
[...]
54":0,"55":0,"59":0,"60":0,"61":0,"75":0,"78":0,"82":0,"85":0,"88":0,"92":0,"93":0,"94":0,"95":0,"96":0,"99":0,"105":0,"106":0,"109":0,"113":0,"114":0,"119":0,"120":0,"121":0,"123":0,"126":0,"132":0,"133":0,"137":0,"138":0,"139":0,"141":0,"142":0,"148":0,"149":0,"150":0,"151":0,"152":0,"156":0,"157":0,"161":0}},"/home/travis/build/npmtest/node-npmtest-axios-es6/node_modules/axios-es6/lib/helpers/parseHeaders.js":{"path":"/home/travis/build/npmtest/node-npmtest-axios-es6/node_modules/axios-es6/lib/helpers/parseHeaders.js","s":{"1":1,"2":1,"3":0,"4":0,"5":0,"6":0,"7":0,"8":0,"9":0,"10":0,"11":0,"12":0,"13":0,"14":0,"15":0},"b":{"1":[0,0],"2":[0,0],"3":[0,0]},"f":{"1":0,"2":0},"fnMap":{"1":{"name":"parseHeaders","line":18,"loc":{"start":{"line":18,"column":17},"end":{"line":18,"column":48}}},"2":{"name":"parser","line":26,"loc":{"start":{"line":26,"column":37},"end":{"line":26,"column":59}}}},"statementMap":{"1":{"start":{"line":3,"column":0},"end":{"line":3,"column":34}},"2":{"start":{"line":18,"column":0},"end":{"line":37,"column":2}},"3":{"start":{"line":19,"column":2},"end":{"line":19,"column":18}},"4":{"start":{"line":20,"column":2},"end":{"line":20,"column":10}},"5":{"start":{"line":21,"column":2},"end":{"line":21,"column":10}},"6":{"start":{"line":22,"column":2},"end":{"line":22,"column":8}},"7":{"start":{"line":24,"column":2},"end":{"line":24,"column":34}},"8":{"start":{"line":24,"column":18},"end":{"line":24,"column":32}},"9":{"start":{"line":26,"column":2},"end":{"line":34,"column":5}},"10":{"start":{"line":27,"column":4},"end":{"line":27,"column":26}},"11":{"start":{"line":28,"column":4},"end":{"line":28,"column":54}},"12":{"start":{"line":29,"column":4},"end":{"line":29,"column":41}},"13":{"start":{"line":31,"column":4},"end":{"line":33,"column":5}},"14":{"start":{"line":32,"column":6},"end":{"line":32,"column":65}},"15":{"start":{"line":36,"column":2},"end":{"line":36,"column":16}}},"branchMap":{"1":{"line":24,"type":"if","locations":[{"start":{"line":24,"column":2},"end":{"line":24,"column":2}},{"start":{"line":24,"column":2},"end":{"line":24,"column":2}}]},"2":{"line":31,"type":"if","locations":[{"start":{"line":31,"column":4},"end":{"line":31,"column":4}},{"start":{"line":31,"column":4},"end":{"line":31,"column":4}}]},"3":{"line":32,"type":"cond-expr","locations":[{"start":{"line":32,"column":34},"end":{"line":32,"column":58}},{"start":{"line":32,"column":61},"end":{"line":32,"column":64}}]}},"code":["'use strict';","","var utils = require('./../utils');","","/**"," * Parse headers into an object"," *"," * ```"," * Date: Wed, 27 Aug 2014 08:58:49 GMT"," * Content-Type: application/json"," * Connection: keep-alive"," * Transfer-Encoding: chunked"," * ```"," *"," * @param {String} headers Headers needing to be parsed"," * @returns {Object} Headers parsed into an object"," */","module.exports = function parseHeaders(headers) {","  var parsed = {};","  var key;","  var val;","  var i;","","  if (!headers) { return parsed; }","","  utils.forEach(headers.split('\\n'), function parser(line) {","    i = line.indexOf(':');","    key = utils.trim(line.substr(0, i)).toLowerCase();","    val = utils.trim(line.substr(i + 1));","","    if (key) {","      parsed[key] = parsed[key] ? parsed[key] + ', ' + val : val;","    }","  });","","  return parsed;","};",""],"l":{"3":1,"18":1,"19":0,"20":0,"21":0,"22":0,"24":0,"26":0,"27":0,"28":0,"29":0,"31":0,"32":0,"36":0}},"/home/travis/build/npmtest/node-npmtest-axios-es6/node_modules/axios-es6/lib/helpers/isURLSameOrigin.js":{"path":"/home/travis/build/npmtest/node-npmtest-axios-es6/node_modules/axios-es6/lib/helpers/isURLSameOrigin.js","s":{"1":1,"2":1,"3":0,"4":0,"5":0,"6":1,"7":0,"8":0,"9":0,"10":0,"11":0,"12":0,"13":0,"14":0,"15":0,"16":0,"17":1,"18":0},"b":{"1":[0,1],"2":[0,0],"3":[0,0],"4":[0,0],"5":[0,0],"6":[0,0],"7":[0,0],"8":[0,0]},"f":{"1":0,"2":0,"3":0,"4":1,"5":0},"fnMap":{"1":{"name":"standardBrowserEnv","line":10,"loc":{"start":{"line":10,"column":3},"end":{"line":10,"column":33}}},"2":{"name":"resolveURL","line":21,"loc":{"start":{"line":21,"column":4},"end":{"line":21,"column":29}}},"3":{"name":"isURLSameOrigin","line":55,"loc":{"start":{"line":55,"column":11},"end":{"line":55,"column":48}}},"4":{"name":"nonStandardBrowserEnv","line":63,"loc":{"start":{"line":63,"column":3},"end":{"line":63,"column":36}}},"5":{"name":"isURLSameOrigin","line":64,"loc":{"start":{"line":64,"column":11},"end":{"line":64,"column":38}}}},"statementMap":{"1":{"start":{"line":3,"column":0},"end":{"line":3,"column":34}},"2":{"start":{"line":5,"column":0},"end":{"line":68,"column":2}},"3":{"start":{"line":11,"column":4},"end":{"line":11,"column":59}},"4":{"start":{"line":12,"column":4},"end":{"line":12,"column":53}},"5":{"start":{"line":13,"column":4},"end":{"line":13,"column":18}},"6":{"start":{"line":21,"column":4},"end":{"line":45,"column":5}},"7":{"start":{"line":22,"column":6},"end":{"line":22,"column":21}},"8":{"start":{"line":24,"column":6},"end":{"line":28,"column":7}},"9":{"start":{"line":26,"column":8},"end":{"line":26,"column":50}},"10":{"start":{"line":27,"column":8},"end":{"line":27,"column":35}},"11":{"start":{"line":30,"column":6},"end":{"line":30,"column":48}},"12":{"start":{"line":33,"column":6},"end":{"line":44,"column":8}},"13":{"start":{"line":47,"column":4},"end":{"line":47,"column":49}},"14":{"start":{"line":55,"column":4},"end":{"line":59,"column":6}},"15":{"start":{"line":56,"column":6},"end":{"line":56,"column":86}},"16":{"start":{"line":57,"column":6},"end":{"line":58,"column":44}},"17":{"start":{"line":64,"column":4},"end":{"line":66,"column":6}},"18":{"start":{"line":65,"column":6},"end":{"line":65,"column":18}}},"branchMap":{"1":{"line":6,"type":"cond-expr","locations":[{"start":{"line":10,"column":2},"end":{"line":60,"column":6}},{"start":{"line":63,"column":2},"end":{"line":67,"column":6}}]},"2":{"line":24,"type":"if","locations":[{"start":{"line":24,"column":6},"end":{"line":24,"column":6}},{"start":{"line":24,"column":6},"end":{"line":24,"column":6}}]},"3":{"line":35,"type":"cond-expr","locations":[{"start":{"line":35,"column":44},"end":{"line":35,"column":85}},{"start":{"line":35,"column":88},"end":{"line":35,"column":90}}]},"4":{"line":37,"type":"cond-expr","locations":[{"start":{"line":37,"column":40},"end":{"line":37,"column":80}},{"start":{"line":37,"column":83},"end":{"line":37,"column":85}}]},"5":{"line":38,"type":"cond-expr","locations":[{"start":{"line":38,"column":36},"end":{"line":38,"column":73}},{"start":{"line":38,"column":76},"end":{"line":38,"column":78}}]},"6":{"line":41,"type":"cond-expr","locations":[{"start":{"line":42,"column":18},"end":{"line":42,"column":41}},{"start":{"line":43,"column":18},"end":{"line":43,"column":47}}]},"7":{"line":56,"type":"cond-expr","locations":[{"start":{"line":56,"column":50},"end":{"line":56,"column":72}},{"start":{"line":56,"column":75},"end":{"line":56,"column":85}}]},"8":{"line":57,"type":"binary-expr","locations":[{"start":{"line":57,"column":14},"end":{"line":57,"column":52}},{"start":{"line":58,"column":12},"end":{"line":58,"column":42}}]}},"code":["'use strict';","","var utils = require('./../utils');","","module.exports = (","  utils.isStandardBrowserEnv() ?","","  // Standard browser envs have full support of the APIs needed to test","  // whether the request URL is of the same origin as current location.","  (function standardBrowserEnv() {","    var msie = /(msie|trident)/i.test(navigator.userAgent);","    var urlParsingNode = document.createElement('a');","    var originURL;","","    /**","    * Parse a URL to discover it's components","    *","    * @param {String} url The URL to be parsed","    * @returns {Object}","    */","    function resolveURL(url) {","      var href = url;","","      if (msie) {","        // IE needs attribute set twice to normalize properties","        urlParsingNode.setAttribute('href', href);","        href = urlParsingNode.href;","      }","","      urlParsingNode.setAttribute('href', href);","","      // urlParsingNode provides the UrlUtils interface - http://url.spec.whatwg.org/#urlutils","      return {","        href: urlParsingNode.href,","        protocol: urlParsingNode.protocol ? urlParsingNode.protocol.replace(/:$/, '') : '',","        host: urlParsingNode.host,","        search: urlParsingNode.search ? urlParsingNode.search.replace(/^\\?/, '') : '',","        hash: urlParsingNode.hash ? urlParsingNode.hash.replace(/^#/, '') : '',","        hostname: urlParsingNode.hostname,","        port: urlParsingNode.port,","        pathname: (urlParsingNode.pathname.charAt(0) === '/') ?","                  urlParsingNode.pathname :","                  '/' + urlParsingNode.pathname","      };","    }","","    originURL = resolveURL(window.location.href);","","    /**","    * Determine if a URL shares the same origin as the current location","    *","    * @param {String} requestURL The URL to test","    * @returns {boolean} True if URL shares the same origin, otherwise false","    */","    return function isURLSameOrigin(requestURL) {","      var parsed = (utils.isString(requestURL)) ? resolveURL(requestURL) : requestURL;","      return (parsed.protocol === originURL.protocol &&","            parsed.host === originURL.host);","    };","  })() :","","  // Non standard browser envs (web workers, react-native) lack needed support.","  (function nonStandardBrowserEnv() {","    return function isURLSameOrigin() {","      return true;","    };","  })()",");",""],"l":{"3":1,"5":1,"11":0,"12":0,"13":0,"21":1,"22":0,"24":0,"26":0,"27":0,"30":0,"33":0,"47":0,"55":0,"56":0,"57":0,"64":1,"65":0}},"/home/travis/build/npmtest/node-npmtest-axios-es6/node_modules/axios-es6/lib/helpers/btoa.js":{"path":"/home/travis/build/npmtest/node-npmtest-axios-es6/node_modules/axios-es6/lib/helpers/btoa.js","s":{"1":1,"2":1,"3":0,"4":1,"5":1,"6":1,"7":1,"8":0,"9":0,"10":0,"11":0,"12":0,"13":0,"14":0,"15":0,"16":1},"b":{"1":[0,0],"2":[0,0]},"f":{"1":0,"2":0},"fnMap":{"1":{"name":"E","line":7,"loc":{"start":{"line":7,"column":0},"end":{"line":7,"column":13}}},"2":{"name":"btoa","line":14,"loc":{"start":{"line":14,"column":0},"end":{"line":14,"column":21}}}},"statementMap":{"1":{"start":{"line":5,"column":0},"end":{"line":5,"column":80}},"2":{"start":{"line":7,"column":0},"end":{"line":9,"column":1}},"3":{"start":{"line":8,"column":2},"end":{"line":8,"column":56}},"4":{"start":{"line":10,"column":0},"end":{"line":10,"column":24}},"5":{"start":{"line":11,"column":0},"end":{"line":11,"column":21}},"6":{"start":{"line":12,"column":0},"end":{"line":12,"column":43}},"7":{"start":{"line":14,"column":0},"end":{"line":34,"column":1}},"8":{"start":{"line":15,"column":2},"end":{"line":15,"column":26}},"9":{"start":{"line":16,"column":2},"end":{"line":16,"column":18}},"10":{"start":{"line":17,"column":2},"end":{"line":32,"column":3}},"11":{"start":{"line":27,"column":4},"end":{"line":27,"column":44}},"12":{"start":{"line":28,"column":4},"end":{"line":30,"column":5}},"13":{"start":{"line":29,"column":6},"end":{"line":29,"column":20}},"14":{"start":{"line":31,"column":4},"end":{"line":31,"column":34}},"15":{"start":{"line":33,"column":2},"end":{"line":33,"column":16}},"16":{"start":{"line":36,"column":0},"end":{"line":36,"column":22}}},"branchMap":{"1":{"line":23,"type":"binary-expr","locations":[{"start":{"line":23,"column":4},"end":{"line":23,"column":23}},{"start":{"line":23,"column":28},"end":{"line":23,"column":46}}]},"2":{"line":28,"type":"if","locations":[{"start":{"line":28,"column":4},"end":{"line":28,"column":4}},{"start":{"line":28,"column":4},"end":{"line":28,"column":4}}]}},"code":["'use strict';","","// btoa polyfill for IE<10 courtesy https://github.com/davidchambers/Base64.js","","var chars = 'ABCDEFGHIJKLMNOPQRSTUVWXYZabcdefghijklmnopqrstuvwxyz0123456789+/=';","","function E() {","  this.message = 'String contains an invalid character';","}","E.prototype = new Error;","E.prototype.code = 5;","E.prototype.name = 'InvalidCharacterError';","","function btoa(input) {","  var str = String(input);","  var output = '';","  for (","    // initialize result and counter","    var block, charCode, idx = 0, map = chars;","    // if the next str index does not exist:","    //   change the mapping table to \"=\"","    //   check if d has no fractional digits","    str.charAt(idx | 0) || (map = '=', idx % 1);","    // \"8 - idx % 1 * 8\" generates the sequence 2, 4, 6, 8","    output += map.charAt(63 & block >> 8 - idx % 1 * 8)","  ) {","    charCode = str.charCodeAt(idx += 3 / 4);","    if (charCode > 0xFF) {","      throw new E();","    }","    block = block << 8 | charCode;","  }","  return output;","}","","module.exports = btoa;",""],"l":{"5":1,"7":1,"8":0,"10":1,"11":1,"12":1,"14":1,"15":0,"16":0,"17":0,"27":0,"28":0,"29":0,"31":0,"33":0,"36":1}},"/home/travis/build/npmtest/node-npmtest-axios-es6/node_modules/axios-es6/lib/helpers/cookies.js":{"path":"/home/travis/build/npmtest/node-npmtest-axios-es6/node_modules/axios-es6/lib/helpers/cookies.js","s":{"1":1,"2":1,"3":0,"4":0,"5":0,"6":0,"7":0,"8":0,"9":0,"10":0,"11":0,"12":0,"13":0,"14":0,"15":0,"16":0,"17":0,"18":1,"19":0},"b":{"1":[0,1],"2":[0,0],"3":[0,0],"4":[0,0],"5":[0,0],"6":[0,0]},"f":{"1":0,"2":0,"3":0,"4":0,"5":1,"6":0,"7":0,"8":0},"fnMap":{"1":{"name":"standardBrowserEnv","line":9,"loc":{"start":{"line":9,"column":3},"end":{"line":9,"column":33}}},"2":{"name":"write","line":11,"loc":{"start":{"line":11,"column":13},"end":{"line":11,"column":72}}},"3":{"name":"read","line":34,"loc":{"start":{"line":34,"column":12},"end":{"line":34,"column":32}}},"4":{"name":"remove","line":39,"loc":{"start":{"line":39,"column":14},"end":{"line":39,"column":36}}},"5":{"name":"nonStandardBrowserEnv","line":46,"loc":{"start":{"line":46,"column":3},"end":{"line":46,"column":36}}},"6":{"name":"write","line":48,"loc":{"start":{"line":48,"column":13},"end":{"line":48,"column":30}}},"7":{"name":"read","line":49,"loc":{"start":{"line":49,"column":12},"end":{"line":49,"column":28}}},"8":{"name":"remove","line":50,"loc":{"start":{"line":50,"column":14},"end":{"line":50,"column":32}}}},"statementMap":{"1":{"start":{"line":3,"column":0},"end":{"line":3,"column":34}},"2":{"start":{"line":5,"column":0},"end":{"line":53,"column":2}},"3":{"start":{"line":10,"column":4},"end":{"line":42,"column":6}},"4":{"start":{"line":12,"column":8},"end":{"line":12,"column":24}},"5":{"start":{"line":13,"column":8},"end":{"line":13,"column":60}},"6":{"start":{"line":15,"column":8},"end":{"line":17,"column":9}},"7":{"start":{"line":16,"column":10},"end":{"line":16,"column":68}},"8":{"start":{"line":19,"column":8},"end":{"line":21,"column":9}},"9":{"start":{"line":20,"column":10},"end":{"line":20,"column":38}},"10":{"start":{"line":23,"column":8},"end":{"line":25,"column":9}},"11":{"start":{"line":24,"column":10},"end":{"line":24,"column":42}},"12":{"start":{"line":27,"column":8},"end":{"line":29,"column":9}},"13":{"start":{"line":28,"column":10},"end":{"line":28,"column":32}},"14":{"start":{"line":31,"column":8},"end":{"line":31,"column":44}},"15":{"start":{"line":35,"column":8},"end":{"line":35,"column":89}},"16":{"start":{"line":36,"column":8},"end":{"line":36,"column":61}},"17":{"start":{"line":40,"column":8},"end":{"line":40,"column":52}},"18":{"start":{"line":47,"column":4},"end":{"line":51,"column":6}},"19":{"start":{"line":49,"column":30},"end":{"line":49,"column":42}}},"branchMap":{"1":{"line":6,"type":"cond-expr","locations":[{"start":{"line":9,"column":2},"end":{"line":43,"column":6}},{"start":{"line":46,"column":2},"end":{"line":52,"column":6}}]},"2":{"line":15,"type":"if","locations":[{"start":{"line":15,"column":8},"end":{"line":15,"column":8}},{"start":{"line":15,"column":8},"end":{"line":15,"column":8}}]},"3":{"line":19,"type":"if","locations":[{"start":{"line":19,"column":8},"end":{"line":19,"column":8}},{"start":{"line":19,"column":8},"end":{"line":19,"column":8}}]},"4":{"line":23,"type":"if","locations":[{"start":{"line":23,"column":8},"end":{"line":23,"column":8}},{"start":{"line":23,"column":8},"end":{"line":23,"column":8}}]},"5":{"line":27,"type":"if","locations":[{"start":{"line":27,"column":8},"end":{"line":27,"column":8}},{"start":{"line":27,"column":8},"end":{"line":27,"column":8}}]},"6":{"line":36,"type":"cond-expr","locations":[{"start":{"line":36,"column":24},"end":{"line":36,"column":52}},{"start":{"line":36,"column":55},"end":{"line":36,"column":59}}]}},"code":["'use strict';","","var utils = require('./../utils');","","module.exports = (","  utils.isStandardBrowserEnv() ?","","  // Standard browser envs support document.cookie","  (function standardBrowserEnv() {","    return {","      write: function write(name, value, expires, path, domain, secure) {","        var cookie = [];","        cookie.push(name + '=' + encodeURIComponent(value));","","        if (utils.isNumber(expires)) {","          cookie.push('expires=' + new Date(expires).toGMTString());","        }","","        if (utils.isString(path)) {","          cookie.push('path=' + path);","        }","","        if (utils.isString(domain)) {","          cookie.push('domain=' + domain);","        }","","        if (secure === true) {","          cookie.push('secure');","        }","","        document.cookie = cookie.join('; ');","      },","","      read: function read(name) {","        var match = document.cookie.match(new RegExp('(^|;\\\\s*)(' + name + ')=([^;]*)'));","        return (match ? decodeURIComponent(match[3]) : null);","      },","","      remove: function remove(name) {","        this.write(name, '', Date.now() - 86400000);","      }","    };","  })() :","","  // Non standard browser env (web workers, react-native) lack needed support.","  (function nonStandardBrowserEnv() {","    return {","      write: function write() {},","      read: function read() { return null; },","      remove: function remove() {}","    };","  })()",");",""],"l":{"3":1,"5":1,"10":0,"12":0,"13":0,"15":0,"16":0,"19":0,"20":0,"23":0,"24":0,"27":0,"28":0,"31":0,"35":0,"36":0,"40":0,"47":1,"49":0}},"/home/travis/build/npmtest/node-npmtest-axios-es6/node_modules/axios-es6/lib/helpers/deprecatedMethod.js":{"path":"/home/travis/build/npmtest/node-npmtest-axios-es6/node_modules/axios-es6/lib/helpers/deprecatedMethod.js","s":{"1":1,"2":0,"3":0,"4":0,"5":0},"b":{"1":[0,0],"2":[0,0]},"f":{"1":0},"fnMap":{"1":{"name":"deprecatedMethod","line":13,"loc":{"start":{"line":13,"column":17},"end":{"line":13,"column":66}}}},"statementMap":{"1":{"start":{"line":13,"column":0},"end":{"line":24,"column":2}},"2":{"start":{"line":14,"column":2},"end":{"line":23,"column":30}},"3":{"start":{"line":15,"column":4},"end":{"line":18,"column":59}},"4":{"start":{"line":20,"column":4},"end":{"line":22,"column":5}},"5":{"start":{"line":21,"column":6},"end":{"line":21,"column":67}}},"branchMap":{"1":{"line":17,"type":"cond-expr","locations":[{"start":{"line":17,"column":17},"end":{"line":17,"column":50}},{"start":{"line":17,"column":53},"end":{"line":17,"column":55}}]},"2":{"line":20,"type":"if","locations":[{"start":{"line":20,"column":4},"end":{"line":20,"column":4}},{"start":{"line":20,"column":4},"end":{"line":20,"column":4}}]}},"code":["'use strict';","","/*eslint no-console:0*/","","/**"," * Supply a warning to the developer that a method they are using"," * has been deprecated."," *"," * @param {string} method The name of the deprecated method"," * @param {string} [instead] The alternate method to use if applicable"," * @param {string} [docs] The documentation URL to get further details"," */","module.exports = function deprecatedMethod(method, instead, docs) {","  try {","    console.warn(","      'DEPRECATED method `' + method + '`.' +","      (instead ? ' Use `' + instead + '` instead.' : '') +","      ' This method will be removed in a future release.');","","    if (docs) {","      console.warn('For more information about usage see ' + docs);","    }","  } catch (e) { /* Ignore */ }","};",""],"l":{"13":1,"14":0,"15":0,"20":0,"21":0}}}